 --- BIN FILE READ: header
  10647 INCLUDE 'header';
  10648   PROCEDURE LATTICE SEXTGX1 SEXTGY1 SEXTGX2 SEXTGY2 EB1 RFFLAG MAPARR 
                  SPNRARR;
  10649     VARIABLE I 1;
  10650     VARIABLE J 1;
  10651     VARIABLE VRF 1 1 1;
  10652     VARIABLE FREQ 1;
  10653     VARIABLE HNUM 1;
  10654     VARIABLE EBE 1;
  10655     VARIABLE BBE 1;
  10656     VARIABLE QF1 1;
  10657     VARIABLE QF2 1;
  10658     VARIABLE QD 1;
  10659     VARIABLE QFS1 1;
  10660     VARIABLE QDS 1;
  10661     VARIABLE QF1 1;
  10662     VARIABLE QF2 1;
  10663     VARIABLE LEN_S 1;
  10664     VARIABLE A 1;
  10665     VARIABLE SF1 1;
  10666     VARIABLE SF2 1;
  10667     VARIABLE SD 1;
  10668     VARIABLE SD1 1;
  10669     EBE := EB1;
  10670     A := 0.05;
  10671     LEN_S := 0.30;
  10672     SF1 := SEXTGX1;
  10673     SF2 := SEXTGX2;
  10674     SD  := SEXTGY1;
  10675     SD1 := SEXTGY2;
  10676     QD:=-0.4428235462;
  10677     QF1:=0.5826802978;
  10678     QF2:=0.3735130114;
  10679     QDS:=-0.4428235462;
  10680     QFS1:=0.3684579481;
  10681     HNUM := 66;
  10682     VRF(1, 1) := 100/HNUM;
  10683     FREQ := HNUM*REVFREQ(FACCLEN(1)); %REVFREQ: 9907 %FACCLEN:10584
  10684     WRITE 6 '********************************************';
  10685     WRITE 6 '*      8shape resonant 15 MAY 2025           *';
  10686     WRITE 6 '********************************************';
  10687     WRITE 6 'REVOLUTION FREQUENCY: '&ST(REVFREQ(FACCLEN(1))/1E6)&' MHZ
                  '; %REVFREQ: 9907 %FACCLEN:10584
  10688     WRITE 6 'RF FREQUENCY: '&ST(FREQ/1E6)&' MHZ';
  10689     UM; %UM: 1488
  10690     CR; %CR:  947
  10691     IF RFFLAG=1;
  10692       RF VRF 0 FREQ 0 0.05; %RF: 8697
  10693       ENDIF;
  10694     UM; %UM: 1488
  10695     QUAD 0.235 0 QD ; %QUAD:10321
  10696     SMAPS 1 MAPARR SPNRARR; %SMAPS:10113
  10697     UM; %UM: 1488
  10698     DL 0.665 ; %DL: 6559
  10699     SMAPS 2 MAPARR SPNRARR; %SMAPS:10113
  10700     UM; %UM: 1488
  10701     SBEND 2.427635 0.098174789 0 0 0 0 0 0.5 0.5 ; %SBEND:10385
  10702     SMAPS 3 MAPARR SPNRARR; %SMAPS:10113
  10703     UM; %UM: 1488
  10704     DL 0.3 ; %DL: 6559
  10705     SMAPS 4 MAPARR SPNRARR; %SMAPS:10113
  10706     UM; %UM: 1488
  10707     SBEND 2.427635 0.098174789 0 0 0 0 0 0.5 0.5 ; %SBEND:10385
  10708     SMAPS 5 MAPARR SPNRARR; %SMAPS:10113
  10709     UM; %UM: 1488
  10710     DL 0.665 ; %DL: 6559
  10711     SMAPS 6 MAPARR SPNRARR; %SMAPS:10113
  10712     UM; %UM: 1488
  10713     QUAD 0.235 0 QF2 ; %QUAD:10321
  10714     SMAPS 7 MAPARR SPNRARR; %SMAPS:10113
  10715     UM; %UM: 1488
  10716     QUAD 0.235 0 QF2 ; %QUAD:10321
  10717     SMAPS 8 MAPARR SPNRARR; %SMAPS:10113
  10718     UM; %UM: 1488
  10719     DL 0.665 ; %DL: 6559
  10720     SMAPS 9 MAPARR SPNRARR; %SMAPS:10113
  10721     UM; %UM: 1488
  10722     SBEND 2.427635 0.098174789 0 0 0 0 0 0.5 0.5 ; %SBEND:10385
  10723     SMAPS 10 MAPARR SPNRARR; %SMAPS:10113
  10724     UM; %UM: 1488
  10725     DL 0.3 ; %DL: 6559
  10726     SMAPS 11 MAPARR SPNRARR; %SMAPS:10113
  10727     UM; %UM: 1488
  10728     SBEND 2.427635 0.098174789 0 0 0 0 0 0.5 0.5 ; %SBEND:10385
  10729     SMAPS 12 MAPARR SPNRARR; %SMAPS:10113
  10730     UM; %UM: 1488
  10731     DL 0.665 ; %DL: 6559
  10732     SMAPS 13 MAPARR SPNRARR; %SMAPS:10113
  10733     UM; %UM: 1488
  10734     QUAD 0.235 0 QD ; %QUAD:10321
  10735     SMAPS 14 MAPARR SPNRARR; %SMAPS:10113
  10736     UM; %UM: 1488
  10737     QUAD 0.235 0 QD ; %QUAD:10321
  10738     SMAPS 15 MAPARR SPNRARR; %SMAPS:10113
  10739     UM; %UM: 1488
  10740     DL 0.665 ; %DL: 6559
  10741     SMAPS 16 MAPARR SPNRARR; %SMAPS:10113
  10742     UM; %UM: 1488
  10743     SBEND 2.427635 0.098174789 0 0 0 0 0 0.5 0.5 ; %SBEND:10385
  10744     SMAPS 17 MAPARR SPNRARR; %SMAPS:10113
  10745     UM; %UM: 1488
  10746     DL 0.3 ; %DL: 6559
  10747     SMAPS 18 MAPARR SPNRARR; %SMAPS:10113
  10748     UM; %UM: 1488
  10749     SBEND 2.427635 0.098174789 0 0 0 0 0 0.5 0.5 ; %SBEND:10385
  10750     SMAPS 19 MAPARR SPNRARR; %SMAPS:10113
  10751     UM; %UM: 1488
  10752     DL 0.665 ; %DL: 6559
  10753     SMAPS 20 MAPARR SPNRARR; %SMAPS:10113
  10754     UM; %UM: 1488
  10755     QUAD 0.235 0 QF1 ; %QUAD:10321
  10756     SMAPS 21 MAPARR SPNRARR; %SMAPS:10113
  10757     UM; %UM: 1488
  10758     QUAD 0.235 0 QF1 ; %QUAD:10321
  10759     SMAPS 22 MAPARR SPNRARR; %SMAPS:10113
  10760     UM; %UM: 1488
  10761     DL 0.665 ; %DL: 6559
  10762     SMAPS 23 MAPARR SPNRARR; %SMAPS:10113
  10763     UM; %UM: 1488
  10764     SBEND 2.427635 0.098174789 0 0 0 0 0 0.5 0.5 ; %SBEND:10385
  10765     SMAPS 24 MAPARR SPNRARR; %SMAPS:10113
  10766     UM; %UM: 1488
  10767     DL 0.3 ; %DL: 6559
  10768     SMAPS 25 MAPARR SPNRARR; %SMAPS:10113
  10769     UM; %UM: 1488
  10770     SBEND 2.427635 0.098174789 0 0 0 0 0 0.5 0.5 ; %SBEND:10385
  10771     SMAPS 26 MAPARR SPNRARR; %SMAPS:10113
  10772     UM; %UM: 1488
  10773     DL 0.665 ; %DL: 6559
  10774     SMAPS 27 MAPARR SPNRARR; %SMAPS:10113
  10775     UM; %UM: 1488
  10776     QUAD 0.235 0 QD ; %QUAD:10321
  10777     SMAPS 28 MAPARR SPNRARR; %SMAPS:10113
  10778     UM; %UM: 1488
  10779     QUAD 0.235 0 QD ; %QUAD:10321
  10780     SMAPS 29 MAPARR SPNRARR; %SMAPS:10113
  10781     UM; %UM: 1488
  10782     DL 0.665 ; %DL: 6559
  10783     SMAPS 30 MAPARR SPNRARR; %SMAPS:10113
  10784     UM; %UM: 1488
  10785     SBEND 2.427635 0.098174789 0 0 0 0 0 0.5 0.5 ; %SBEND:10385
  10786     SMAPS 31 MAPARR SPNRARR; %SMAPS:10113
  10787     UM; %UM: 1488
  10788     DL 0.3 ; %DL: 6559
  10789     SMAPS 32 MAPARR SPNRARR; %SMAPS:10113
  10790     UM; %UM: 1488
  10791     SBEND 2.427635 0.098174789 0 0 0 0 0 0.5 0.5 ; %SBEND:10385
  10792     SMAPS 33 MAPARR SPNRARR; %SMAPS:10113
  10793     UM; %UM: 1488
  10794     DL 0.665 ; %DL: 6559
  10795     SMAPS 34 MAPARR SPNRARR; %SMAPS:10113
  10796     UM; %UM: 1488
  10797     QUAD 0.235 0 QF2 ; %QUAD:10321
  10798     SMAPS 35 MAPARR SPNRARR; %SMAPS:10113
  10799     UM; %UM: 1488
  10800     QUAD 0.235 0 QF2 ; %QUAD:10321
  10801     SMAPS 36 MAPARR SPNRARR; %SMAPS:10113
  10802     UM; %UM: 1488
  10803     DL 0.665 ; %DL: 6559
  10804     SMAPS 37 MAPARR SPNRARR; %SMAPS:10113
  10805     UM; %UM: 1488
  10806     SBEND 2.427635 0.098174789 0 0 0 0 0 0.5 0.5 ; %SBEND:10385
  10807     SMAPS 38 MAPARR SPNRARR; %SMAPS:10113
  10808     UM; %UM: 1488
  10809     DL 0.3 ; %DL: 6559
  10810     SMAPS 39 MAPARR SPNRARR; %SMAPS:10113
  10811     UM; %UM: 1488
  10812     SBEND 2.427635 0.098174789 0 0 0 0 0 0.5 0.5 ; %SBEND:10385
  10813     SMAPS 40 MAPARR SPNRARR; %SMAPS:10113
  10814     UM; %UM: 1488
  10815     DL 0.665 ; %DL: 6559
  10816     SMAPS 41 MAPARR SPNRARR; %SMAPS:10113
  10817     UM; %UM: 1488
  10818     QUAD 0.235 0 QD ; %QUAD:10321
  10819     SMAPS 42 MAPARR SPNRARR; %SMAPS:10113
  10820     UM; %UM: 1488
  10821     QUAD 0.235 0 QD ; %QUAD:10321
  10822     SMAPS 43 MAPARR SPNRARR; %SMAPS:10113
  10823     UM; %UM: 1488
  10824     DL 0.665 ; %DL: 6559
  10825     SMAPS 44 MAPARR SPNRARR; %SMAPS:10113
  10826     UM; %UM: 1488
  10827     SBEND 2.427635 0.098174789 0 0 0 0 0 0.5 0.5 ; %SBEND:10385
  10828     SMAPS 45 MAPARR SPNRARR; %SMAPS:10113
  10829     UM; %UM: 1488
  10830     DL 0.3 ; %DL: 6559
  10831     SMAPS 46 MAPARR SPNRARR; %SMAPS:10113
  10832     UM; %UM: 1488
  10833     SBEND 2.427635 0.098174789 0 0 0 0 0 0.5 0.5 ; %SBEND:10385
  10834     SMAPS 47 MAPARR SPNRARR; %SMAPS:10113
  10835     UM; %UM: 1488
  10836     DL 0.665 ; %DL: 6559
  10837     SMAPS 48 MAPARR SPNRARR; %SMAPS:10113
  10838     UM; %UM: 1488
  10839     QUAD 0.235 0 QF2 ; %QUAD:10321
  10840     SMAPS 49 MAPARR SPNRARR; %SMAPS:10113
  10841     UM; %UM: 1488
  10842     QUAD 0.235 0 QF2 ; %QUAD:10321
  10843     SMAPS 50 MAPARR SPNRARR; %SMAPS:10113
  10844     UM; %UM: 1488
  10845     DL 0.665 ; %DL: 6559
  10846     SMAPS 51 MAPARR SPNRARR; %SMAPS:10113
  10847     UM; %UM: 1488
  10848     SBEND 2.427635 0.098174789 0 0 0 0 0 0.5 0.5 ; %SBEND:10385
  10849     SMAPS 52 MAPARR SPNRARR; %SMAPS:10113
  10850     UM; %UM: 1488
  10851     DL 0.3 ; %DL: 6559
  10852     SMAPS 53 MAPARR SPNRARR; %SMAPS:10113
  10853     UM; %UM: 1488
  10854     SBEND 2.427635 0.098174789 0 0 0 0 0 0.5 0.5 ; %SBEND:10385
  10855     SMAPS 54 MAPARR SPNRARR; %SMAPS:10113
  10856     UM; %UM: 1488
  10857     DL 0.665 ; %DL: 6559
  10858     SMAPS 55 MAPARR SPNRARR; %SMAPS:10113
  10859     UM; %UM: 1488
  10860     QUAD 0.235 0 QD ; %QUAD:10321
  10861     SMAPS 56 MAPARR SPNRARR; %SMAPS:10113
  10862     UM; %UM: 1488
  10863     QUAD 0.235 0 QD ; %QUAD:10321
  10864     SMAPS 57 MAPARR SPNRARR; %SMAPS:10113
  10865     UM; %UM: 1488
  10866     DL 0.665 ; %DL: 6559
  10867     SMAPS 58 MAPARR SPNRARR; %SMAPS:10113
  10868     UM; %UM: 1488
  10869     SBEND 2.427635 0.098174789 0 0 0 0 0 0.5 0.5 ; %SBEND:10385
  10870     SMAPS 59 MAPARR SPNRARR; %SMAPS:10113
  10871     UM; %UM: 1488
  10872     DL 0.3 ; %DL: 6559
  10873     SMAPS 60 MAPARR SPNRARR; %SMAPS:10113
  10874     UM; %UM: 1488
  10875     SBEND 2.427635 0.098174789 0 0 0 0 0 0.5 0.5 ; %SBEND:10385
  10876     SMAPS 61 MAPARR SPNRARR; %SMAPS:10113
  10877     UM; %UM: 1488
  10878     DL 0.665 ; %DL: 6559
  10879     SMAPS 62 MAPARR SPNRARR; %SMAPS:10113
  10880     UM; %UM: 1488
  10881     QUAD 0.235 0 QF1 ; %QUAD:10321
  10882     SMAPS 63 MAPARR SPNRARR; %SMAPS:10113
  10883     UM; %UM: 1488
  10884     QUAD 0.235 0 QF1 ; %QUAD:10321
  10885     SMAPS 64 MAPARR SPNRARR; %SMAPS:10113
  10886     UM; %UM: 1488
  10887     DL 0.665 ; %DL: 6559
  10888     SMAPS 65 MAPARR SPNRARR; %SMAPS:10113
  10889     UM; %UM: 1488
  10890     SBEND 2.427635 0.098174789 0 0 0 0 0 0.5 0.5 ; %SBEND:10385
  10891     SMAPS 66 MAPARR SPNRARR; %SMAPS:10113
  10892     UM; %UM: 1488
  10893     DL 0.3 ; %DL: 6559
  10894     SMAPS 67 MAPARR SPNRARR; %SMAPS:10113
  10895     UM; %UM: 1488
  10896     SBEND 2.427635 0.098174789 0 0 0 0 0 0.5 0.5 ; %SBEND:10385
  10897     SMAPS 68 MAPARR SPNRARR; %SMAPS:10113
  10898     UM; %UM: 1488
  10899     DL 0.665 ; %DL: 6559
  10900     SMAPS 69 MAPARR SPNRARR; %SMAPS:10113
  10901     UM; %UM: 1488
  10902     QUAD 0.235 0 QD ; %QUAD:10321
  10903     SMAPS 70 MAPARR SPNRARR; %SMAPS:10113
  10904     UM; %UM: 1488
  10905     QUAD 0.235 0 QD ; %QUAD:10321
  10906     SMAPS 71 MAPARR SPNRARR; %SMAPS:10113
  10907     UM; %UM: 1488
  10908     DL 0.665 ; %DL: 6559
  10909     SMAPS 72 MAPARR SPNRARR; %SMAPS:10113
  10910     UM; %UM: 1488
  10911     SBEND 2.427635 0.098174789 0 0 0 0 0 0.5 0.5 ; %SBEND:10385
  10912     SMAPS 73 MAPARR SPNRARR; %SMAPS:10113
  10913     UM; %UM: 1488
  10914     DL 0.3 ; %DL: 6559
  10915     SMAPS 74 MAPARR SPNRARR; %SMAPS:10113
  10916     UM; %UM: 1488
  10917     SBEND 2.427635 0.098174789 0 0 0 0 0 0.5 0.5 ; %SBEND:10385
  10918     SMAPS 75 MAPARR SPNRARR; %SMAPS:10113
  10919     UM; %UM: 1488
  10920     DL 0.665 ; %DL: 6559
  10921     SMAPS 76 MAPARR SPNRARR; %SMAPS:10113
  10922     UM; %UM: 1488
  10923     QUAD 0.235 0 QF2 ; %QUAD:10321
  10924     SMAPS 77 MAPARR SPNRARR; %SMAPS:10113
  10925     UM; %UM: 1488
  10926     QUAD 0.235 0 QF2 ; %QUAD:10321
  10927     SMAPS 78 MAPARR SPNRARR; %SMAPS:10113
  10928     UM; %UM: 1488
  10929     DL 0.665 ; %DL: 6559
  10930     SMAPS 79 MAPARR SPNRARR; %SMAPS:10113
  10931     UM; %UM: 1488
  10932     SBEND 2.427635 0.098174789 0 0 0 0 0 0.5 0.5 ; %SBEND:10385
  10933     SMAPS 80 MAPARR SPNRARR; %SMAPS:10113
  10934     UM; %UM: 1488
  10935     DL 0.3 ; %DL: 6559
  10936     SMAPS 81 MAPARR SPNRARR; %SMAPS:10113
  10937     UM; %UM: 1488
  10938     SBEND 2.427635 0.098174789 0 0 0 0 0 0.5 0.5 ; %SBEND:10385
  10939     SMAPS 82 MAPARR SPNRARR; %SMAPS:10113
  10940     UM; %UM: 1488
  10941     DL 0.665 ; %DL: 6559
  10942     SMAPS 83 MAPARR SPNRARR; %SMAPS:10113
  10943     UM; %UM: 1488
  10944     QUAD 0.235 0 QD ; %QUAD:10321
  10945     SMAPS 84 MAPARR SPNRARR; %SMAPS:10113
  10946     UM; %UM: 1488
  10947     QUAD 0.235 0 QD ; %QUAD:10321
  10948     SMAPS 85 MAPARR SPNRARR; %SMAPS:10113
  10949     UM; %UM: 1488
  10950     DL 0.665 ; %DL: 6559
  10951     SMAPS 86 MAPARR SPNRARR; %SMAPS:10113
  10952     UM; %UM: 1488
  10953     SBEND 2.427635 0.098174789 0 0 0 0 0 0.5 0.5 ; %SBEND:10385
  10954     SMAPS 87 MAPARR SPNRARR; %SMAPS:10113
  10955     UM; %UM: 1488
  10956     DL 0.3 ; %DL: 6559
  10957     SMAPS 88 MAPARR SPNRARR; %SMAPS:10113
  10958     UM; %UM: 1488
  10959     SBEND 2.427635 0.098174789 0 0 0 0 0 0.5 0.5 ; %SBEND:10385
  10960     SMAPS 89 MAPARR SPNRARR; %SMAPS:10113
  10961     UM; %UM: 1488
  10962     DL 0.665 ; %DL: 6559
  10963     SMAPS 90 MAPARR SPNRARR; %SMAPS:10113
  10964     UM; %UM: 1488
  10965     QUAD 0.235 0 QF2 ; %QUAD:10321
  10966     SMAPS 91 MAPARR SPNRARR; %SMAPS:10113
  10967     UM; %UM: 1488
  10968     QUAD 0.235 0 QF2 ; %QUAD:10321
  10969     SMAPS 92 MAPARR SPNRARR; %SMAPS:10113
  10970     UM; %UM: 1488
  10971     DL 0.665 ; %DL: 6559
  10972     SMAPS 93 MAPARR SPNRARR; %SMAPS:10113
  10973     UM; %UM: 1488
  10974     SBEND 2.427635 0.098174789 0 0 0 0 0 0.5 0.5 ; %SBEND:10385
  10975     SMAPS 94 MAPARR SPNRARR; %SMAPS:10113
  10976     UM; %UM: 1488
  10977     DL 0.3 ; %DL: 6559
  10978     SMAPS 95 MAPARR SPNRARR; %SMAPS:10113
  10979     UM; %UM: 1488
  10980     SBEND 2.427635 0.098174789 0 0 0 0 0 0.5 0.5 ; %SBEND:10385
  10981     SMAPS 96 MAPARR SPNRARR; %SMAPS:10113
  10982     UM; %UM: 1488
  10983     DL 0.665 ; %DL: 6559
  10984     SMAPS 97 MAPARR SPNRARR; %SMAPS:10113
  10985     UM; %UM: 1488
  10986     QUAD 0.235 0 QD ; %QUAD:10321
  10987     SMAPS 98 MAPARR SPNRARR; %SMAPS:10113
  10988     UM; %UM: 1488
  10989     QUAD 0.235 0 QD ; %QUAD:10321
  10990     SMAPS 99 MAPARR SPNRARR; %SMAPS:10113
  10991     UM; %UM: 1488
  10992     DL 0.665 ; %DL: 6559
  10993     SMAPS 100 MAPARR SPNRARR; %SMAPS:10113
  10994     UM; %UM: 1488
  10995     SBEND 2.427635 0.098174789 0 0 0 0 0 0.5 0.5 ; %SBEND:10385
  10996     SMAPS 101 MAPARR SPNRARR; %SMAPS:10113
  10997     UM; %UM: 1488
  10998     DL 0.3 ; %DL: 6559
  10999     SMAPS 102 MAPARR SPNRARR; %SMAPS:10113
  11000     UM; %UM: 1488
  11001     SBEND 2.427635 0.098174789 0 0 0 0 0 0.5 0.5 ; %SBEND:10385
  11002     SMAPS 103 MAPARR SPNRARR; %SMAPS:10113
  11003     UM; %UM: 1488
  11004     DL 0.665 ; %DL: 6559
  11005     SMAPS 104 MAPARR SPNRARR; %SMAPS:10113
  11006     UM; %UM: 1488
  11007     QUAD 0.235 0 QF1 ; %QUAD:10321
  11008     SMAPS 105 MAPARR SPNRARR; %SMAPS:10113
  11009     UM; %UM: 1488
  11010     QUAD 0.235 0 QF1 ; %QUAD:10321
  11011     SMAPS 106 MAPARR SPNRARR; %SMAPS:10113
  11012     UM; %UM: 1488
  11013     DL 0.665 ; %DL: 6559
  11014     SMAPS 107 MAPARR SPNRARR; %SMAPS:10113
  11015     UM; %UM: 1488
  11016     SBEND 2.427635 0.098174789 0 0 0 0 0 0.5 0.5 ; %SBEND:10385
  11017     SMAPS 108 MAPARR SPNRARR; %SMAPS:10113
  11018     UM; %UM: 1488
  11019     DL 0.3 ; %DL: 6559
  11020     SMAPS 109 MAPARR SPNRARR; %SMAPS:10113
  11021     UM; %UM: 1488
  11022     SBEND 2.427635 0.098174789 0 0 0 0 0 0.5 0.5 ; %SBEND:10385
  11023     SMAPS 110 MAPARR SPNRARR; %SMAPS:10113
  11024     UM; %UM: 1488
  11025     DL 0.665 ; %DL: 6559
  11026     SMAPS 111 MAPARR SPNRARR; %SMAPS:10113
  11027     UM; %UM: 1488
  11028     QUAD 0.235 0 QD ; %QUAD:10321
  11029     SMAPS 112 MAPARR SPNRARR; %SMAPS:10113
  11030     UM; %UM: 1488
  11031     QUAD 0.235 0 QD ; %QUAD:10321
  11032     SMAPS 113 MAPARR SPNRARR; %SMAPS:10113
  11033     UM; %UM: 1488
  11034     DL 0.665 ; %DL: 6559
  11035     SMAPS 114 MAPARR SPNRARR; %SMAPS:10113
  11036     UM; %UM: 1488
  11037     SBEND 2.427635 0.098174789 0 0 0 0 0 0.5 0.5 ; %SBEND:10385
  11038     SMAPS 115 MAPARR SPNRARR; %SMAPS:10113
  11039     UM; %UM: 1488
  11040     DL 0.3 ; %DL: 6559
  11041     SMAPS 116 MAPARR SPNRARR; %SMAPS:10113
  11042     UM; %UM: 1488
  11043     SBEND 2.427635 0.098174789 0 0 0 0 0 0.5 0.5 ; %SBEND:10385
  11044     SMAPS 117 MAPARR SPNRARR; %SMAPS:10113
  11045     UM; %UM: 1488
  11046     DL 0.665 ; %DL: 6559
  11047     SMAPS 118 MAPARR SPNRARR; %SMAPS:10113
  11048     UM; %UM: 1488
  11049     QUAD 0.235 0 QF2 ; %QUAD:10321
  11050     SMAPS 119 MAPARR SPNRARR; %SMAPS:10113
  11051     UM; %UM: 1488
  11052     QUAD 0.235 0 QF2 ; %QUAD:10321
  11053     SMAPS 120 MAPARR SPNRARR; %SMAPS:10113
  11054     UM; %UM: 1488
  11055     DL 0.665 ; %DL: 6559
  11056     SMAPS 121 MAPARR SPNRARR; %SMAPS:10113
  11057     UM; %UM: 1488
  11058     SBEND 2.427635 0.098174789 0 0 0 0 0 0.5 0.5 ; %SBEND:10385
  11059     SMAPS 122 MAPARR SPNRARR; %SMAPS:10113
  11060     UM; %UM: 1488
  11061     DL 0.3 ; %DL: 6559
  11062     SMAPS 123 MAPARR SPNRARR; %SMAPS:10113
  11063     UM; %UM: 1488
  11064     SBEND 2.427635 0.098174789 0 0 0 0 0 0.5 0.5 ; %SBEND:10385
  11065     SMAPS 124 MAPARR SPNRARR; %SMAPS:10113
  11066     UM; %UM: 1488
  11067     DL 0.665 ; %DL: 6559
  11068     SMAPS 125 MAPARR SPNRARR; %SMAPS:10113
  11069     UM; %UM: 1488
  11070     QUAD 0.235 0 QD ; %QUAD:10321
  11071     SMAPS 126 MAPARR SPNRARR; %SMAPS:10113
  11072     UM; %UM: 1488
  11073     QUAD 0.235 0 QD ; %QUAD:10321
  11074     SMAPS 127 MAPARR SPNRARR; %SMAPS:10113
  11075     UM; %UM: 1488
  11076     DL 0.665 ; %DL: 6559
  11077     SMAPS 128 MAPARR SPNRARR; %SMAPS:10113
  11078     UM; %UM: 1488
  11079     SBEND 2.427635 0.098174789 0 0 0 0 0 0.5 0.5 ; %SBEND:10385
  11080     SMAPS 129 MAPARR SPNRARR; %SMAPS:10113
  11081     UM; %UM: 1488
  11082     DL 0.3 ; %DL: 6559
  11083     SMAPS 130 MAPARR SPNRARR; %SMAPS:10113
  11084     UM; %UM: 1488
  11085     SBEND 2.427635 0.098174789 0 0 0 0 0 0.5 0.5 ; %SBEND:10385
  11086     SMAPS 131 MAPARR SPNRARR; %SMAPS:10113
  11087     UM; %UM: 1488
  11088     DL 0.665 ; %DL: 6559
  11089     SMAPS 132 MAPARR SPNRARR; %SMAPS:10113
  11090     UM; %UM: 1488
  11091     QUAD 0.235 0 QF2 ; %QUAD:10321
  11092     SMAPS 133 MAPARR SPNRARR; %SMAPS:10113
  11093     UM; %UM: 1488
  11094     QUAD 0.235 0 QF2 ; %QUAD:10321
  11095     SMAPS 134 MAPARR SPNRARR; %SMAPS:10113
  11096     UM; %UM: 1488
  11097     DL 0.665 ; %DL: 6559
  11098     SMAPS 135 MAPARR SPNRARR; %SMAPS:10113
  11099     UM; %UM: 1488
  11100     SBEND 2.427635 0.098174789 0 0 0 0 0 0.5 0.5 ; %SBEND:10385
  11101     SMAPS 136 MAPARR SPNRARR; %SMAPS:10113
  11102     UM; %UM: 1488
  11103     DL 0.3 ; %DL: 6559
  11104     SMAPS 137 MAPARR SPNRARR; %SMAPS:10113
  11105     UM; %UM: 1488
  11106     SBEND 2.427635 0.098174789 0 0 0 0 0 0.5 0.5 ; %SBEND:10385
  11107     SMAPS 138 MAPARR SPNRARR; %SMAPS:10113
  11108     UM; %UM: 1488
  11109     DL 0.665 ; %DL: 6559
  11110     SMAPS 139 MAPARR SPNRARR; %SMAPS:10113
  11111     UM; %UM: 1488
  11112     QUAD 0.235 0 QD ; %QUAD:10321
  11113     SMAPS 140 MAPARR SPNRARR; %SMAPS:10113
  11114     UM; %UM: 1488
  11115     QUAD 0.235 0 QD ; %QUAD:10321
  11116     SMAPS 141 MAPARR SPNRARR; %SMAPS:10113
  11117     UM; %UM: 1488
  11118     DL 0.665 ; %DL: 6559
  11119     SMAPS 142 MAPARR SPNRARR; %SMAPS:10113
  11120     UM; %UM: 1488
  11121     SBEND 2.427635 0.098174789 0 0 0 0 0 0.5 0.5 ; %SBEND:10385
  11122     SMAPS 143 MAPARR SPNRARR; %SMAPS:10113
  11123     UM; %UM: 1488
  11124     DL 0.3 ; %DL: 6559
  11125     SMAPS 144 MAPARR SPNRARR; %SMAPS:10113
  11126     UM; %UM: 1488
  11127     SBEND 2.427635 0.098174789 0 0 0 0 0 0.5 0.5 ; %SBEND:10385
  11128     SMAPS 145 MAPARR SPNRARR; %SMAPS:10113
  11129     UM; %UM: 1488
  11130     DL 0.665 ; %DL: 6559
  11131     SMAPS 146 MAPARR SPNRARR; %SMAPS:10113
  11132     UM; %UM: 1488
  11133     QUAD 0.235 0 QF1 ; %QUAD:10321
  11134     SMAPS 147 MAPARR SPNRARR; %SMAPS:10113
  11135     UM; %UM: 1488
  11136     QUAD 0.235 0 QF1 ; %QUAD:10321
  11137     SMAPS 148 MAPARR SPNRARR; %SMAPS:10113
  11138     UM; %UM: 1488
  11139     DL 0.665 ; %DL: 6559
  11140     SMAPS 149 MAPARR SPNRARR; %SMAPS:10113
  11141     UM; %UM: 1488
  11142     SBEND 2.427635 0.098174789 0 0 0 0 0 0.5 0.5 ; %SBEND:10385
  11143     SMAPS 150 MAPARR SPNRARR; %SMAPS:10113
  11144     UM; %UM: 1488
  11145     DL 0.3 ; %DL: 6559
  11146     SMAPS 151 MAPARR SPNRARR; %SMAPS:10113
  11147     UM; %UM: 1488
  11148     SBEND 2.427635 0.098174789 0 0 0 0 0 0.5 0.5 ; %SBEND:10385
  11149     SMAPS 152 MAPARR SPNRARR; %SMAPS:10113
  11150     UM; %UM: 1488
  11151     DL 0.665 ; %DL: 6559
  11152     SMAPS 153 MAPARR SPNRARR; %SMAPS:10113
  11153     UM; %UM: 1488
  11154     QUAD 0.235 0 QD ; %QUAD:10321
  11155     SMAPS 154 MAPARR SPNRARR; %SMAPS:10113
  11156     UM; %UM: 1488
  11157     QUAD 0.235 0 QD ; %QUAD:10321
  11158     SMAPS 155 MAPARR SPNRARR; %SMAPS:10113
  11159     UM; %UM: 1488
  11160     DL 0.665 ; %DL: 6559
  11161     SMAPS 156 MAPARR SPNRARR; %SMAPS:10113
  11162     UM; %UM: 1488
  11163     SBEND 2.427635 0.098174789 0 0 0 0 0 0.5 0.5 ; %SBEND:10385
  11164     SMAPS 157 MAPARR SPNRARR; %SMAPS:10113
  11165     UM; %UM: 1488
  11166     DL 0.3 ; %DL: 6559
  11167     SMAPS 158 MAPARR SPNRARR; %SMAPS:10113
  11168     UM; %UM: 1488
  11169     SBEND 2.427635 0.098174789 0 0 0 0 0 0.5 0.5 ; %SBEND:10385
  11170     SMAPS 159 MAPARR SPNRARR; %SMAPS:10113
  11171     UM; %UM: 1488
  11172     DL 0.665 ; %DL: 6559
  11173     SMAPS 160 MAPARR SPNRARR; %SMAPS:10113
  11174     UM; %UM: 1488
  11175     QUAD 0.235 0 QF2 ; %QUAD:10321
  11176     SMAPS 161 MAPARR SPNRARR; %SMAPS:10113
  11177     UM; %UM: 1488
  11178     QUAD 0.235 0 QF2 ; %QUAD:10321
  11179     SMAPS 162 MAPARR SPNRARR; %SMAPS:10113
  11180     UM; %UM: 1488
  11181     DL 0.665 ; %DL: 6559
  11182     SMAPS 163 MAPARR SPNRARR; %SMAPS:10113
  11183     UM; %UM: 1488
  11184     SBEND 2.427635 0.098174789 0 0 0 0 0 0.5 0.5 ; %SBEND:10385
  11185     SMAPS 164 MAPARR SPNRARR; %SMAPS:10113
  11186     UM; %UM: 1488
  11187     DL 0.3 ; %DL: 6559
  11188     SMAPS 165 MAPARR SPNRARR; %SMAPS:10113
  11189     UM; %UM: 1488
  11190     SBEND 2.427635 0.098174789 0 0 0 0 0 0.5 0.5 ; %SBEND:10385
  11191     SMAPS 166 MAPARR SPNRARR; %SMAPS:10113
  11192     UM; %UM: 1488
  11193     DL 0.665 ; %DL: 6559
  11194     SMAPS 167 MAPARR SPNRARR; %SMAPS:10113
  11195     UM; %UM: 1488
  11196     QUAD 0.235 0 QD ; %QUAD:10321
  11197     SMAPS 168 MAPARR SPNRARR; %SMAPS:10113
  11198     UM; %UM: 1488
  11199     QUAD 0.235 0 QDS ; %QUAD:10321
  11200     SMAPS 169 MAPARR SPNRARR; %SMAPS:10113
  11201     UM; %UM: 1488
  11202     DL 2.7 ; %DL: 6559
  11203     SMAPS 170 MAPARR SPNRARR; %SMAPS:10113
  11204     UM; %UM: 1488
  11205     QUAD 0.235 0 QFS1 ; %QUAD:10321
  11206     SMAPS 171 MAPARR SPNRARR; %SMAPS:10113
  11207     UM; %UM: 1488
  11208     QUAD 0.235 0 QFS1 ; %QUAD:10321
  11209     SMAPS 172 MAPARR SPNRARR; %SMAPS:10113
  11210     UM; %UM: 1488
  11211     DL 2.7 ; %DL: 6559
  11212     SMAPS 173 MAPARR SPNRARR; %SMAPS:10113
  11213     UM; %UM: 1488
  11214     QUAD 0.235 0 QDS ; %QUAD:10321
  11215     SMAPS 174 MAPARR SPNRARR; %SMAPS:10113
  11216     UM; %UM: 1488
  11217     QUAD 0.235 0 QDS ; %QUAD:10321
  11218     SMAPS 175 MAPARR SPNRARR; %SMAPS:10113
  11219     UM; %UM: 1488
  11220     DL 2.7 ; %DL: 6559
  11221     SMAPS 176 MAPARR SPNRARR; %SMAPS:10113
  11222     UM; %UM: 1488
  11223     QUAD 0.235 0 QFS1 ; %QUAD:10321
  11224     SMAPS 177 MAPARR SPNRARR; %SMAPS:10113
  11225     UM; %UM: 1488
  11226     QUAD 0.235 0 QFS1 ; %QUAD:10321
  11227     SMAPS 178 MAPARR SPNRARR; %SMAPS:10113
  11228     UM; %UM: 1488
  11229     DL 2.7 ; %DL: 6559
  11230     SMAPS 179 MAPARR SPNRARR; %SMAPS:10113
  11231     UM; %UM: 1488
  11232     QUAD 0.235 0 QDS ; %QUAD:10321
  11233     SMAPS 180 MAPARR SPNRARR; %SMAPS:10113
  11234     UM; %UM: 1488
  11235     QUAD 0.235 0 QDS ; %QUAD:10321
  11236     SMAPS 181 MAPARR SPNRARR; %SMAPS:10113
  11237     UM; %UM: 1488
  11238     DL 2.7 ; %DL: 6559
  11239     SMAPS 182 MAPARR SPNRARR; %SMAPS:10113
  11240     UM; %UM: 1488
  11241     QUAD 0.235 0 QFS1 ; %QUAD:10321
  11242     SMAPS 183 MAPARR SPNRARR; %SMAPS:10113
  11243     UM; %UM: 1488
  11244     QUAD 0.235 0 QFS1 ; %QUAD:10321
  11245     SMAPS 184 MAPARR SPNRARR; %SMAPS:10113
  11246     UM; %UM: 1488
  11247     DL 2.7 ; %DL: 6559
  11248     SMAPS 185 MAPARR SPNRARR; %SMAPS:10113
  11249     UM; %UM: 1488
  11250     QUAD 0.235 0 QDS ; %QUAD:10321
  11251     SMAPS 186 MAPARR SPNRARR; %SMAPS:10113
  11252     UM; %UM: 1488
  11253     QUAD 0.235 0 QDS ; %QUAD:10321
  11254     SMAPS 187 MAPARR SPNRARR; %SMAPS:10113
  11255     UM; %UM: 1488
  11256     DL 2.7 ; %DL: 6559
  11257     SMAPS 188 MAPARR SPNRARR; %SMAPS:10113
  11258     UM; %UM: 1488
  11259     QUAD 0.235 0 QFS1 ; %QUAD:10321
  11260     SMAPS 189 MAPARR SPNRARR; %SMAPS:10113
  11261     UM; %UM: 1488
  11262     QUAD 0.235 0 QFS1 ; %QUAD:10321
  11263     SMAPS 190 MAPARR SPNRARR; %SMAPS:10113
  11264     UM; %UM: 1488
  11265     DL 2.7 ; %DL: 6559
  11266     SMAPS 191 MAPARR SPNRARR; %SMAPS:10113
  11267     UM; %UM: 1488
  11268     QUAD 0.235 0 QDS ; %QUAD:10321
  11269     SMAPS 192 MAPARR SPNRARR; %SMAPS:10113
  11270     UM; %UM: 1488
  11271     QUAD 0.235 0 QDS ; %QUAD:10321
  11272     SMAPS 193 MAPARR SPNRARR; %SMAPS:10113
  11273     UM; %UM: 1488
  11274     DL 2.7 ; %DL: 6559
  11275     SMAPS 194 MAPARR SPNRARR; %SMAPS:10113
  11276     UM; %UM: 1488
  11277     QUAD 0.235 0 QFS1 ; %QUAD:10321
  11278     SMAPS 195 MAPARR SPNRARR; %SMAPS:10113
  11279     UM; %UM: 1488
  11280     QUAD 0.235 0 QFS1 ; %QUAD:10321
  11281     SMAPS 196 MAPARR SPNRARR; %SMAPS:10113
  11282     UM; %UM: 1488
  11283     DL 2.7 ; %DL: 6559
  11284     SMAPS 197 MAPARR SPNRARR; %SMAPS:10113
  11285     UM; %UM: 1488
  11286     QUAD 0.235 0 QDS ; %QUAD:10321
  11287     SMAPS 198 MAPARR SPNRARR; %SMAPS:10113
  11288     UM; %UM: 1488
  11289     QUAD 0.235 0 QDS ; %QUAD:10321
  11290     SMAPS 199 MAPARR SPNRARR; %SMAPS:10113
  11291     UM; %UM: 1488
  11292     DL 2.7 ; %DL: 6559
  11293     SMAPS 200 MAPARR SPNRARR; %SMAPS:10113
  11294     UM; %UM: 1488
  11295     QUAD 0.235 0 QFS1 ; %QUAD:10321
  11296     SMAPS 201 MAPARR SPNRARR; %SMAPS:10113
  11297     UM; %UM: 1488
  11298     QUAD 0.235 0 QFS1 ; %QUAD:10321
  11299     SMAPS 202 MAPARR SPNRARR; %SMAPS:10113
  11300     UM; %UM: 1488
  11301     DL 2.7 ; %DL: 6559
  11302     SMAPS 203 MAPARR SPNRARR; %SMAPS:10113
  11303     UM; %UM: 1488
  11304     QUAD 0.235 0 QDS ; %QUAD:10321
  11305     SMAPS 204 MAPARR SPNRARR; %SMAPS:10113
  11306     UM; %UM: 1488
  11307     QUAD 0.235 0 QDS ; %QUAD:10321
  11308     SMAPS 205 MAPARR SPNRARR; %SMAPS:10113
  11309     UM; %UM: 1488
  11310     DL 2.7 ; %DL: 6559
  11311     SMAPS 206 MAPARR SPNRARR; %SMAPS:10113
  11312     UM; %UM: 1488
  11313     QUAD 0.235 0 QFS1 ; %QUAD:10321
  11314     SMAPS 207 MAPARR SPNRARR; %SMAPS:10113
  11315     UM; %UM: 1488
  11316     QUAD 0.235 0 QFS1 ; %QUAD:10321
  11317     SMAPS 208 MAPARR SPNRARR; %SMAPS:10113
  11318     UM; %UM: 1488
  11319     DL 2.7 ; %DL: 6559
  11320     SMAPS 209 MAPARR SPNRARR; %SMAPS:10113
  11321     UM; %UM: 1488
  11322     QUAD 0.235 0 QDS ; %QUAD:10321
  11323     SMAPS 210 MAPARR SPNRARR; %SMAPS:10113
  11324     UM; %UM: 1488
  11325     QUAD 0.235 0 QDS ; %QUAD:10321
  11326     SMAPS 211 MAPARR SPNRARR; %SMAPS:10113
  11327     UM; %UM: 1488
  11328     DL 2.7 ; %DL: 6559
  11329     SMAPS 212 MAPARR SPNRARR; %SMAPS:10113
  11330     UM; %UM: 1488
  11331     QUAD 0.235 0 QFS1 ; %QUAD:10321
  11332     SMAPS 213 MAPARR SPNRARR; %SMAPS:10113
  11333     UM; %UM: 1488
  11334     QUAD 0.235 0 QFS1 ; %QUAD:10321
  11335     SMAPS 214 MAPARR SPNRARR; %SMAPS:10113
  11336     UM; %UM: 1488
  11337     DL 2.7 ; %DL: 6559
  11338     SMAPS 215 MAPARR SPNRARR; %SMAPS:10113
  11339     UM; %UM: 1488
  11340     QUAD 0.235 0 QDS ; %QUAD:10321
  11341     SMAPS 216 MAPARR SPNRARR; %SMAPS:10113
  11342     UM; %UM: 1488
  11343     QUAD 0.235 0 QDS ; %QUAD:10321
  11344     SMAPS 217 MAPARR SPNRARR; %SMAPS:10113
  11345     UM; %UM: 1488
  11346     DL 2.7 ; %DL: 6559
  11347     SMAPS 218 MAPARR SPNRARR; %SMAPS:10113
  11348     UM; %UM: 1488
  11349     QUAD 0.235 0 QFS1 ; %QUAD:10321
  11350     SMAPS 219 MAPARR SPNRARR; %SMAPS:10113
  11351     UM; %UM: 1488
  11352     QUAD 0.235 0 QFS1 ; %QUAD:10321
  11353     SMAPS 220 MAPARR SPNRARR; %SMAPS:10113
  11354     UM; %UM: 1488
  11355     DL 2.7 ; %DL: 6559
  11356     SMAPS 221 MAPARR SPNRARR; %SMAPS:10113
  11357     UM; %UM: 1488
  11358     QUAD 0.235 0 QDS ; %QUAD:10321
  11359     SMAPS 222 MAPARR SPNRARR; %SMAPS:10113
  11360     UM; %UM: 1488
  11361     QUAD 0.235 0 QDS ; %QUAD:10321
  11362     SMAPS 223 MAPARR SPNRARR; %SMAPS:10113
  11363     UM; %UM: 1488
  11364     DL 2.7 ; %DL: 6559
  11365     SMAPS 224 MAPARR SPNRARR; %SMAPS:10113
  11366     UM; %UM: 1488
  11367     QUAD 0.235 0 QFS1 ; %QUAD:10321
  11368     SMAPS 225 MAPARR SPNRARR; %SMAPS:10113
  11369     UM; %UM: 1488
  11370     QUAD 0.235 0 QFS1 ; %QUAD:10321
  11371     SMAPS 226 MAPARR SPNRARR; %SMAPS:10113
  11372     UM; %UM: 1488
  11373     DL 2.7 ; %DL: 6559
  11374     SMAPS 227 MAPARR SPNRARR; %SMAPS:10113
  11375     UM; %UM: 1488
  11376     QUAD 0.235 0 QDS ; %QUAD:10321
  11377     SMAPS 228 MAPARR SPNRARR; %SMAPS:10113
  11378     UM; %UM: 1488
  11379     QUAD 0.235 0 QDS ; %QUAD:10321
  11380     SMAPS 229 MAPARR SPNRARR; %SMAPS:10113
  11381     UM; %UM: 1488
  11382     DL 2.7 ; %DL: 6559
  11383     SMAPS 230 MAPARR SPNRARR; %SMAPS:10113
  11384     UM; %UM: 1488
  11385     QUAD 0.235 0 QFS1 ; %QUAD:10321
  11386     SMAPS 231 MAPARR SPNRARR; %SMAPS:10113
  11387     UM; %UM: 1488
  11388     QUAD 0.235 0 QFS1 ; %QUAD:10321
  11389     SMAPS 232 MAPARR SPNRARR; %SMAPS:10113
  11390     UM; %UM: 1488
  11391     DL 2.7 ; %DL: 6559
  11392     SMAPS 233 MAPARR SPNRARR; %SMAPS:10113
  11393     UM; %UM: 1488
  11394     QUAD 0.235 0 QDS ; %QUAD:10321
  11395     SMAPS 234 MAPARR SPNRARR; %SMAPS:10113
  11396     UM; %UM: 1488
  11397     QUAD 0.235 0 QDS ; %QUAD:10321
  11398     SMAPS 235 MAPARR SPNRARR; %SMAPS:10113
  11399     UM; %UM: 1488
  11400     DL 2.7 ; %DL: 6559
  11401     SMAPS 236 MAPARR SPNRARR; %SMAPS:10113
  11402     UM; %UM: 1488
  11403     QUAD 0.235 0 QFS1 ; %QUAD:10321
  11404     SMAPS 237 MAPARR SPNRARR; %SMAPS:10113
  11405     UM; %UM: 1488
  11406     QUAD 0.235 0 QFS1 ; %QUAD:10321
  11407     SMAPS 238 MAPARR SPNRARR; %SMAPS:10113
  11408     UM; %UM: 1488
  11409     DL 2.7 ; %DL: 6559
  11410     SMAPS 239 MAPARR SPNRARR; %SMAPS:10113
  11411     UM; %UM: 1488
  11412     QUAD 0.235 0 QDS ; %QUAD:10321
  11413     SMAPS 240 MAPARR SPNRARR; %SMAPS:10113
  11414     UM; %UM: 1488
  11415     QUAD 0.235 0 QD ; %QUAD:10321
  11416     SMAPS 241 MAPARR SPNRARR; %SMAPS:10113
  11417     UM; %UM: 1488
  11418     DL 0.665 ; %DL: 6559
  11419     SMAPS 242 MAPARR SPNRARR; %SMAPS:10113
  11420     UM; %UM: 1488
  11421     SBEND 2.427635 -0.098174789 0 0 0 0 0 0.5 0.5 ; %SBEND:10385
  11422     SMAPS 243 MAPARR SPNRARR; %SMAPS:10113
  11423     UM; %UM: 1488
  11424     DL 0.3 ; %DL: 6559
  11425     SMAPS 244 MAPARR SPNRARR; %SMAPS:10113
  11426     UM; %UM: 1488
  11427     SBEND 2.427635 -0.098174789 0 0 0 0 0 0.5 0.5 ; %SBEND:10385
  11428     SMAPS 245 MAPARR SPNRARR; %SMAPS:10113
  11429     UM; %UM: 1488
  11430     DL 0.665 ; %DL: 6559
  11431     SMAPS 246 MAPARR SPNRARR; %SMAPS:10113
  11432     UM; %UM: 1488
  11433     QUAD 0.235 0 QF2 ; %QUAD:10321
  11434     SMAPS 247 MAPARR SPNRARR; %SMAPS:10113
  11435     UM; %UM: 1488
  11436     QUAD 0.235 0 QF2 ; %QUAD:10321
  11437     SMAPS 248 MAPARR SPNRARR; %SMAPS:10113
  11438     UM; %UM: 1488
  11439     DL 0.665 ; %DL: 6559
  11440     SMAPS 249 MAPARR SPNRARR; %SMAPS:10113
  11441     UM; %UM: 1488
  11442     SBEND 2.427635 -0.098174789 0 0 0 0 0 0.5 0.5 ; %SBEND:10385
  11443     SMAPS 250 MAPARR SPNRARR; %SMAPS:10113
  11444     UM; %UM: 1488
  11445     DL 0.3 ; %DL: 6559
  11446     SMAPS 251 MAPARR SPNRARR; %SMAPS:10113
  11447     UM; %UM: 1488
  11448     SBEND 2.427635 -0.098174789 0 0 0 0 0 0.5 0.5 ; %SBEND:10385
  11449     SMAPS 252 MAPARR SPNRARR; %SMAPS:10113
  11450     UM; %UM: 1488
  11451     DL 0.665 ; %DL: 6559
  11452     SMAPS 253 MAPARR SPNRARR; %SMAPS:10113
  11453     UM; %UM: 1488
  11454     QUAD 0.235 0 QD ; %QUAD:10321
  11455     SMAPS 254 MAPARR SPNRARR; %SMAPS:10113
  11456     UM; %UM: 1488
  11457     QUAD 0.235 0 QD ; %QUAD:10321
  11458     SMAPS 255 MAPARR SPNRARR; %SMAPS:10113
  11459     UM; %UM: 1488
  11460     DL 0.665 ; %DL: 6559
  11461     SMAPS 256 MAPARR SPNRARR; %SMAPS:10113
  11462     UM; %UM: 1488
  11463     SBEND 2.427635 -0.098174789 0 0 0 0 0 0.5 0.5 ; %SBEND:10385
  11464     SMAPS 257 MAPARR SPNRARR; %SMAPS:10113
  11465     UM; %UM: 1488
  11466     DL 0.3 ; %DL: 6559
  11467     SMAPS 258 MAPARR SPNRARR; %SMAPS:10113
  11468     UM; %UM: 1488
  11469     SBEND 2.427635 -0.098174789 0 0 0 0 0 0.5 0.5 ; %SBEND:10385
  11470     SMAPS 259 MAPARR SPNRARR; %SMAPS:10113
  11471     UM; %UM: 1488
  11472     DL 0.665 ; %DL: 6559
  11473     SMAPS 260 MAPARR SPNRARR; %SMAPS:10113
  11474     UM; %UM: 1488
  11475     QUAD 0.235 0 QF1 ; %QUAD:10321
  11476     SMAPS 261 MAPARR SPNRARR; %SMAPS:10113
  11477     UM; %UM: 1488
  11478     QUAD 0.235 0 QF1 ; %QUAD:10321
  11479     SMAPS 262 MAPARR SPNRARR; %SMAPS:10113
  11480     UM; %UM: 1488
  11481     DL 0.665 ; %DL: 6559
  11482     SMAPS 263 MAPARR SPNRARR; %SMAPS:10113
  11483     UM; %UM: 1488
  11484     SBEND 2.427635 -0.098174789 0 0 0 0 0 0.5 0.5 ; %SBEND:10385
  11485     SMAPS 264 MAPARR SPNRARR; %SMAPS:10113
  11486     UM; %UM: 1488
  11487     DL 0.3 ; %DL: 6559
  11488     SMAPS 265 MAPARR SPNRARR; %SMAPS:10113
  11489     UM; %UM: 1488
  11490     SBEND 2.427635 -0.098174789 0 0 0 0 0 0.5 0.5 ; %SBEND:10385
  11491     SMAPS 266 MAPARR SPNRARR; %SMAPS:10113
  11492     UM; %UM: 1488
  11493     DL 0.665 ; %DL: 6559
  11494     SMAPS 267 MAPARR SPNRARR; %SMAPS:10113
  11495     UM; %UM: 1488
  11496     QUAD 0.235 0 QD ; %QUAD:10321
  11497     SMAPS 268 MAPARR SPNRARR; %SMAPS:10113
  11498     UM; %UM: 1488
  11499     QUAD 0.235 0 QD ; %QUAD:10321
  11500     SMAPS 269 MAPARR SPNRARR; %SMAPS:10113
  11501     UM; %UM: 1488
  11502     DL 0.665 ; %DL: 6559
  11503     SMAPS 270 MAPARR SPNRARR; %SMAPS:10113
  11504     UM; %UM: 1488
  11505     SBEND 2.427635 -0.098174789 0 0 0 0 0 0.5 0.5 ; %SBEND:10385
  11506     SMAPS 271 MAPARR SPNRARR; %SMAPS:10113
  11507     UM; %UM: 1488
  11508     DL 0.3 ; %DL: 6559
  11509     SMAPS 272 MAPARR SPNRARR; %SMAPS:10113
  11510     UM; %UM: 1488
  11511     SBEND 2.427635 -0.098174789 0 0 0 0 0 0.5 0.5 ; %SBEND:10385
  11512     SMAPS 273 MAPARR SPNRARR; %SMAPS:10113
  11513     UM; %UM: 1488
  11514     DL 0.665 ; %DL: 6559
  11515     SMAPS 274 MAPARR SPNRARR; %SMAPS:10113
  11516     UM; %UM: 1488
  11517     QUAD 0.235 0 QF2 ; %QUAD:10321
  11518     SMAPS 275 MAPARR SPNRARR; %SMAPS:10113
  11519     UM; %UM: 1488
  11520     QUAD 0.235 0 QF2 ; %QUAD:10321
  11521     SMAPS 276 MAPARR SPNRARR; %SMAPS:10113
  11522     UM; %UM: 1488
  11523     DL 0.665 ; %DL: 6559
  11524     SMAPS 277 MAPARR SPNRARR; %SMAPS:10113
  11525     UM; %UM: 1488
  11526     SBEND 2.427635 -0.098174789 0 0 0 0 0 0.5 0.5 ; %SBEND:10385
  11527     SMAPS 278 MAPARR SPNRARR; %SMAPS:10113
  11528     UM; %UM: 1488
  11529     DL 0.3 ; %DL: 6559
  11530     SMAPS 279 MAPARR SPNRARR; %SMAPS:10113
  11531     UM; %UM: 1488
  11532     SBEND 2.427635 -0.098174789 0 0 0 0 0 0.5 0.5 ; %SBEND:10385
  11533     SMAPS 280 MAPARR SPNRARR; %SMAPS:10113
  11534     UM; %UM: 1488
  11535     DL 0.665 ; %DL: 6559
  11536     SMAPS 281 MAPARR SPNRARR; %SMAPS:10113
  11537     UM; %UM: 1488
  11538     QUAD 0.235 0 QD ; %QUAD:10321
  11539     SMAPS 282 MAPARR SPNRARR; %SMAPS:10113
  11540     UM; %UM: 1488
  11541     QUAD 0.235 0 QD ; %QUAD:10321
  11542     SMAPS 283 MAPARR SPNRARR; %SMAPS:10113
  11543     UM; %UM: 1488
  11544     DL 0.665 ; %DL: 6559
  11545     SMAPS 284 MAPARR SPNRARR; %SMAPS:10113
  11546     UM; %UM: 1488
  11547     SBEND 2.427635 -0.098174789 0 0 0 0 0 0.5 0.5 ; %SBEND:10385
  11548     SMAPS 285 MAPARR SPNRARR; %SMAPS:10113
  11549     UM; %UM: 1488
  11550     DL 0.3 ; %DL: 6559
  11551     SMAPS 286 MAPARR SPNRARR; %SMAPS:10113
  11552     UM; %UM: 1488
  11553     SBEND 2.427635 -0.098174789 0 0 0 0 0 0.5 0.5 ; %SBEND:10385
  11554     SMAPS 287 MAPARR SPNRARR; %SMAPS:10113
  11555     UM; %UM: 1488
  11556     DL 0.665 ; %DL: 6559
  11557     SMAPS 288 MAPARR SPNRARR; %SMAPS:10113
  11558     UM; %UM: 1488
  11559     QUAD 0.235 0 QF2 ; %QUAD:10321
  11560     SMAPS 289 MAPARR SPNRARR; %SMAPS:10113
  11561     UM; %UM: 1488
  11562     QUAD 0.235 0 QF2 ; %QUAD:10321
  11563     SMAPS 290 MAPARR SPNRARR; %SMAPS:10113
  11564     UM; %UM: 1488
  11565     DL 0.665 ; %DL: 6559
  11566     SMAPS 291 MAPARR SPNRARR; %SMAPS:10113
  11567     UM; %UM: 1488
  11568     SBEND 2.427635 -0.098174789 0 0 0 0 0 0.5 0.5 ; %SBEND:10385
  11569     SMAPS 292 MAPARR SPNRARR; %SMAPS:10113
  11570     UM; %UM: 1488
  11571     DL 0.3 ; %DL: 6559
  11572     SMAPS 293 MAPARR SPNRARR; %SMAPS:10113
  11573     UM; %UM: 1488
  11574     SBEND 2.427635 -0.098174789 0 0 0 0 0 0.5 0.5 ; %SBEND:10385
  11575     SMAPS 294 MAPARR SPNRARR; %SMAPS:10113
  11576     UM; %UM: 1488
  11577     DL 0.665 ; %DL: 6559
  11578     SMAPS 295 MAPARR SPNRARR; %SMAPS:10113
  11579     UM; %UM: 1488
  11580     QUAD 0.235 0 QD ; %QUAD:10321
  11581     SMAPS 296 MAPARR SPNRARR; %SMAPS:10113
  11582     UM; %UM: 1488
  11583     QUAD 0.235 0 QD ; %QUAD:10321
  11584     SMAPS 297 MAPARR SPNRARR; %SMAPS:10113
  11585     UM; %UM: 1488
  11586     DL 0.665 ; %DL: 6559
  11587     SMAPS 298 MAPARR SPNRARR; %SMAPS:10113
  11588     UM; %UM: 1488
  11589     SBEND 2.427635 -0.098174789 0 0 0 0 0 0.5 0.5 ; %SBEND:10385
  11590     SMAPS 299 MAPARR SPNRARR; %SMAPS:10113
  11591     UM; %UM: 1488
  11592     DL 0.3 ; %DL: 6559
  11593     SMAPS 300 MAPARR SPNRARR; %SMAPS:10113
  11594     UM; %UM: 1488
  11595     SBEND 2.427635 -0.098174789 0 0 0 0 0 0.5 0.5 ; %SBEND:10385
  11596     SMAPS 301 MAPARR SPNRARR; %SMAPS:10113
  11597     UM; %UM: 1488
  11598     DL 0.665 ; %DL: 6559
  11599     SMAPS 302 MAPARR SPNRARR; %SMAPS:10113
  11600     UM; %UM: 1488
  11601     QUAD 0.235 0 QF1 ; %QUAD:10321
  11602     SMAPS 303 MAPARR SPNRARR; %SMAPS:10113
  11603     UM; %UM: 1488
  11604     QUAD 0.235 0 QF1 ; %QUAD:10321
  11605     SMAPS 304 MAPARR SPNRARR; %SMAPS:10113
  11606     UM; %UM: 1488
  11607     DL 0.665 ; %DL: 6559
  11608     SMAPS 305 MAPARR SPNRARR; %SMAPS:10113
  11609     UM; %UM: 1488
  11610     SBEND 2.427635 -0.098174789 0 0 0 0 0 0.5 0.5 ; %SBEND:10385
  11611     SMAPS 306 MAPARR SPNRARR; %SMAPS:10113
  11612     UM; %UM: 1488
  11613     DL 0.3 ; %DL: 6559
  11614     SMAPS 307 MAPARR SPNRARR; %SMAPS:10113
  11615     UM; %UM: 1488
  11616     SBEND 2.427635 -0.098174789 0 0 0 0 0 0.5 0.5 ; %SBEND:10385
  11617     SMAPS 308 MAPARR SPNRARR; %SMAPS:10113
  11618     UM; %UM: 1488
  11619     DL 0.665 ; %DL: 6559
  11620     SMAPS 309 MAPARR SPNRARR; %SMAPS:10113
  11621     UM; %UM: 1488
  11622     QUAD 0.235 0 QD ; %QUAD:10321
  11623     SMAPS 310 MAPARR SPNRARR; %SMAPS:10113
  11624     UM; %UM: 1488
  11625     QUAD 0.235 0 QD ; %QUAD:10321
  11626     SMAPS 311 MAPARR SPNRARR; %SMAPS:10113
  11627     UM; %UM: 1488
  11628     DL 0.665 ; %DL: 6559
  11629     SMAPS 312 MAPARR SPNRARR; %SMAPS:10113
  11630     UM; %UM: 1488
  11631     SBEND 2.427635 -0.098174789 0 0 0 0 0 0.5 0.5 ; %SBEND:10385
  11632     SMAPS 313 MAPARR SPNRARR; %SMAPS:10113
  11633     UM; %UM: 1488
  11634     DL 0.3 ; %DL: 6559
  11635     SMAPS 314 MAPARR SPNRARR; %SMAPS:10113
  11636     UM; %UM: 1488
  11637     SBEND 2.427635 -0.098174789 0 0 0 0 0 0.5 0.5 ; %SBEND:10385
  11638     SMAPS 315 MAPARR SPNRARR; %SMAPS:10113
  11639     UM; %UM: 1488
  11640     DL 0.665 ; %DL: 6559
  11641     SMAPS 316 MAPARR SPNRARR; %SMAPS:10113
  11642     UM; %UM: 1488
  11643     QUAD 0.235 0 QF2 ; %QUAD:10321
  11644     SMAPS 317 MAPARR SPNRARR; %SMAPS:10113
  11645     UM; %UM: 1488
  11646     QUAD 0.235 0 QF2 ; %QUAD:10321
  11647     SMAPS 318 MAPARR SPNRARR; %SMAPS:10113
  11648     UM; %UM: 1488
  11649     DL 0.665 ; %DL: 6559
  11650     SMAPS 319 MAPARR SPNRARR; %SMAPS:10113
  11651     UM; %UM: 1488
  11652     SBEND 2.427635 -0.098174789 0 0 0 0 0 0.5 0.5 ; %SBEND:10385
  11653     SMAPS 320 MAPARR SPNRARR; %SMAPS:10113
  11654     UM; %UM: 1488
  11655     DL 0.3 ; %DL: 6559
  11656     SMAPS 321 MAPARR SPNRARR; %SMAPS:10113
  11657     UM; %UM: 1488
  11658     SBEND 2.427635 -0.098174789 0 0 0 0 0 0.5 0.5 ; %SBEND:10385
  11659     SMAPS 322 MAPARR SPNRARR; %SMAPS:10113
  11660     UM; %UM: 1488
  11661     DL 0.665 ; %DL: 6559
  11662     SMAPS 323 MAPARR SPNRARR; %SMAPS:10113
  11663     UM; %UM: 1488
  11664     QUAD 0.235 0 QD ; %QUAD:10321
  11665     SMAPS 324 MAPARR SPNRARR; %SMAPS:10113
  11666     UM; %UM: 1488
  11667     QUAD 0.235 0 QD ; %QUAD:10321
  11668     SMAPS 325 MAPARR SPNRARR; %SMAPS:10113
  11669     UM; %UM: 1488
  11670     DL 0.665 ; %DL: 6559
  11671     SMAPS 326 MAPARR SPNRARR; %SMAPS:10113
  11672     UM; %UM: 1488
  11673     SBEND 2.427635 -0.098174789 0 0 0 0 0 0.5 0.5 ; %SBEND:10385
  11674     SMAPS 327 MAPARR SPNRARR; %SMAPS:10113
  11675     UM; %UM: 1488
  11676     DL 0.3 ; %DL: 6559
  11677     SMAPS 328 MAPARR SPNRARR; %SMAPS:10113
  11678     UM; %UM: 1488
  11679     SBEND 2.427635 -0.098174789 0 0 0 0 0 0.5 0.5 ; %SBEND:10385
  11680     SMAPS 329 MAPARR SPNRARR; %SMAPS:10113
  11681     UM; %UM: 1488
  11682     DL 0.665 ; %DL: 6559
  11683     SMAPS 330 MAPARR SPNRARR; %SMAPS:10113
  11684     UM; %UM: 1488
  11685     QUAD 0.235 0 QF2 ; %QUAD:10321
  11686     SMAPS 331 MAPARR SPNRARR; %SMAPS:10113
  11687     UM; %UM: 1488
  11688     QUAD 0.235 0 QF2 ; %QUAD:10321
  11689     SMAPS 332 MAPARR SPNRARR; %SMAPS:10113
  11690     UM; %UM: 1488
  11691     DL 0.665 ; %DL: 6559
  11692     SMAPS 333 MAPARR SPNRARR; %SMAPS:10113
  11693     UM; %UM: 1488
  11694     SBEND 2.427635 -0.098174789 0 0 0 0 0 0.5 0.5 ; %SBEND:10385
  11695     SMAPS 334 MAPARR SPNRARR; %SMAPS:10113
  11696     UM; %UM: 1488
  11697     DL 0.3 ; %DL: 6559
  11698     SMAPS 335 MAPARR SPNRARR; %SMAPS:10113
  11699     UM; %UM: 1488
  11700     SBEND 2.427635 -0.098174789 0 0 0 0 0 0.5 0.5 ; %SBEND:10385
  11701     SMAPS 336 MAPARR SPNRARR; %SMAPS:10113
  11702     UM; %UM: 1488
  11703     DL 0.665 ; %DL: 6559
  11704     SMAPS 337 MAPARR SPNRARR; %SMAPS:10113
  11705     UM; %UM: 1488
  11706     QUAD 0.235 0 QD ; %QUAD:10321
  11707     SMAPS 338 MAPARR SPNRARR; %SMAPS:10113
  11708     UM; %UM: 1488
  11709     QUAD 0.235 0 QD ; %QUAD:10321
  11710     SMAPS 339 MAPARR SPNRARR; %SMAPS:10113
  11711     UM; %UM: 1488
  11712     DL 0.665 ; %DL: 6559
  11713     SMAPS 340 MAPARR SPNRARR; %SMAPS:10113
  11714     UM; %UM: 1488
  11715     SBEND 2.427635 -0.098174789 0 0 0 0 0 0.5 0.5 ; %SBEND:10385
  11716     SMAPS 341 MAPARR SPNRARR; %SMAPS:10113
  11717     UM; %UM: 1488
  11718     DL 0.3 ; %DL: 6559
  11719     SMAPS 342 MAPARR SPNRARR; %SMAPS:10113
  11720     UM; %UM: 1488
  11721     SBEND 2.427635 -0.098174789 0 0 0 0 0 0.5 0.5 ; %SBEND:10385
  11722     SMAPS 343 MAPARR SPNRARR; %SMAPS:10113
  11723     UM; %UM: 1488
  11724     DL 0.665 ; %DL: 6559
  11725     SMAPS 344 MAPARR SPNRARR; %SMAPS:10113
  11726     UM; %UM: 1488
  11727     QUAD 0.235 0 QF1 ; %QUAD:10321
  11728     SMAPS 345 MAPARR SPNRARR; %SMAPS:10113
  11729     UM; %UM: 1488
  11730     QUAD 0.235 0 QF1 ; %QUAD:10321
  11731     SMAPS 346 MAPARR SPNRARR; %SMAPS:10113
  11732     UM; %UM: 1488
  11733     DL 0.665 ; %DL: 6559
  11734     SMAPS 347 MAPARR SPNRARR; %SMAPS:10113
  11735     UM; %UM: 1488
  11736     SBEND 2.427635 -0.098174789 0 0 0 0 0 0.5 0.5 ; %SBEND:10385
  11737     SMAPS 348 MAPARR SPNRARR; %SMAPS:10113
  11738     UM; %UM: 1488
  11739     DL 0.3 ; %DL: 6559
  11740     SMAPS 349 MAPARR SPNRARR; %SMAPS:10113
  11741     UM; %UM: 1488
  11742     SBEND 2.427635 -0.098174789 0 0 0 0 0 0.5 0.5 ; %SBEND:10385
  11743     SMAPS 350 MAPARR SPNRARR; %SMAPS:10113
  11744     UM; %UM: 1488
  11745     DL 0.665 ; %DL: 6559
  11746     SMAPS 351 MAPARR SPNRARR; %SMAPS:10113
  11747     UM; %UM: 1488
  11748     QUAD 0.235 0 QD ; %QUAD:10321
  11749     SMAPS 352 MAPARR SPNRARR; %SMAPS:10113
  11750     UM; %UM: 1488
  11751     QUAD 0.235 0 QD ; %QUAD:10321
  11752     SMAPS 353 MAPARR SPNRARR; %SMAPS:10113
  11753     UM; %UM: 1488
  11754     DL 0.665 ; %DL: 6559
  11755     SMAPS 354 MAPARR SPNRARR; %SMAPS:10113
  11756     UM; %UM: 1488
  11757     SBEND 2.427635 -0.098174789 0 0 0 0 0 0.5 0.5 ; %SBEND:10385
  11758     SMAPS 355 MAPARR SPNRARR; %SMAPS:10113
  11759     UM; %UM: 1488
  11760     DL 0.3 ; %DL: 6559
  11761     SMAPS 356 MAPARR SPNRARR; %SMAPS:10113
  11762     UM; %UM: 1488
  11763     SBEND 2.427635 -0.098174789 0 0 0 0 0 0.5 0.5 ; %SBEND:10385
  11764     SMAPS 357 MAPARR SPNRARR; %SMAPS:10113
  11765     UM; %UM: 1488
  11766     DL 0.665 ; %DL: 6559
  11767     SMAPS 358 MAPARR SPNRARR; %SMAPS:10113
  11768     UM; %UM: 1488
  11769     QUAD 0.235 0 QF2 ; %QUAD:10321
  11770     SMAPS 359 MAPARR SPNRARR; %SMAPS:10113
  11771     UM; %UM: 1488
  11772     QUAD 0.235 0 QF2 ; %QUAD:10321
  11773     SMAPS 360 MAPARR SPNRARR; %SMAPS:10113
  11774     UM; %UM: 1488
  11775     DL 0.665 ; %DL: 6559
  11776     SMAPS 361 MAPARR SPNRARR; %SMAPS:10113
  11777     UM; %UM: 1488
  11778     SBEND 2.427635 -0.098174789 0 0 0 0 0 0.5 0.5 ; %SBEND:10385
  11779     SMAPS 362 MAPARR SPNRARR; %SMAPS:10113
  11780     UM; %UM: 1488
  11781     DL 0.3 ; %DL: 6559
  11782     SMAPS 363 MAPARR SPNRARR; %SMAPS:10113
  11783     UM; %UM: 1488
  11784     SBEND 2.427635 -0.098174789 0 0 0 0 0 0.5 0.5 ; %SBEND:10385
  11785     SMAPS 364 MAPARR SPNRARR; %SMAPS:10113
  11786     UM; %UM: 1488
  11787     DL 0.665 ; %DL: 6559
  11788     SMAPS 365 MAPARR SPNRARR; %SMAPS:10113
  11789     UM; %UM: 1488
  11790     QUAD 0.235 0 QD ; %QUAD:10321
  11791     SMAPS 366 MAPARR SPNRARR; %SMAPS:10113
  11792     UM; %UM: 1488
  11793     QUAD 0.235 0 QD ; %QUAD:10321
  11794     SMAPS 367 MAPARR SPNRARR; %SMAPS:10113
  11795     UM; %UM: 1488
  11796     DL 0.665 ; %DL: 6559
  11797     SMAPS 368 MAPARR SPNRARR; %SMAPS:10113
  11798     UM; %UM: 1488
  11799     SBEND 2.427635 -0.098174789 0 0 0 0 0 0.5 0.5 ; %SBEND:10385
  11800     SMAPS 369 MAPARR SPNRARR; %SMAPS:10113
  11801     UM; %UM: 1488
  11802     DL 0.3 ; %DL: 6559
  11803     SMAPS 370 MAPARR SPNRARR; %SMAPS:10113
  11804     UM; %UM: 1488
  11805     SBEND 2.427635 -0.098174789 0 0 0 0 0 0.5 0.5 ; %SBEND:10385
  11806     SMAPS 371 MAPARR SPNRARR; %SMAPS:10113
  11807     UM; %UM: 1488
  11808     DL 0.665 ; %DL: 6559
  11809     SMAPS 372 MAPARR SPNRARR; %SMAPS:10113
  11810     UM; %UM: 1488
  11811     QUAD 0.235 0 QF2 ; %QUAD:10321
  11812     SMAPS 373 MAPARR SPNRARR; %SMAPS:10113
  11813     UM; %UM: 1488
  11814     QUAD 0.235 0 QF2 ; %QUAD:10321
  11815     SMAPS 374 MAPARR SPNRARR; %SMAPS:10113
  11816     UM; %UM: 1488
  11817     DL 0.665 ; %DL: 6559
  11818     SMAPS 375 MAPARR SPNRARR; %SMAPS:10113
  11819     UM; %UM: 1488
  11820     SBEND 2.427635 -0.098174789 0 0 0 0 0 0.5 0.5 ; %SBEND:10385
  11821     SMAPS 376 MAPARR SPNRARR; %SMAPS:10113
  11822     UM; %UM: 1488
  11823     DL 0.3 ; %DL: 6559
  11824     SMAPS 377 MAPARR SPNRARR; %SMAPS:10113
  11825     UM; %UM: 1488
  11826     SBEND 2.427635 -0.098174789 0 0 0 0 0 0.5 0.5 ; %SBEND:10385
  11827     SMAPS 378 MAPARR SPNRARR; %SMAPS:10113
  11828     UM; %UM: 1488
  11829     DL 0.665 ; %DL: 6559
  11830     SMAPS 379 MAPARR SPNRARR; %SMAPS:10113
  11831     UM; %UM: 1488
  11832     QUAD 0.235 0 QD ; %QUAD:10321
  11833     SMAPS 380 MAPARR SPNRARR; %SMAPS:10113
  11834     UM; %UM: 1488
  11835     QUAD 0.235 0 QD ; %QUAD:10321
  11836     SMAPS 381 MAPARR SPNRARR; %SMAPS:10113
  11837     UM; %UM: 1488
  11838     DL 0.665 ; %DL: 6559
  11839     SMAPS 382 MAPARR SPNRARR; %SMAPS:10113
  11840     UM; %UM: 1488
  11841     SBEND 2.427635 -0.098174789 0 0 0 0 0 0.5 0.5 ; %SBEND:10385
  11842     SMAPS 383 MAPARR SPNRARR; %SMAPS:10113
  11843     UM; %UM: 1488
  11844     DL 0.3 ; %DL: 6559
  11845     SMAPS 384 MAPARR SPNRARR; %SMAPS:10113
  11846     UM; %UM: 1488
  11847     SBEND 2.427635 -0.098174789 0 0 0 0 0 0.5 0.5 ; %SBEND:10385
  11848     SMAPS 385 MAPARR SPNRARR; %SMAPS:10113
  11849     UM; %UM: 1488
  11850     DL 0.665 ; %DL: 6559
  11851     SMAPS 386 MAPARR SPNRARR; %SMAPS:10113
  11852     UM; %UM: 1488
  11853     QUAD 0.235 0 QF1 ; %QUAD:10321
  11854     SMAPS 387 MAPARR SPNRARR; %SMAPS:10113
  11855     UM; %UM: 1488
  11856     QUAD 0.235 0 QF1 ; %QUAD:10321
  11857     SMAPS 388 MAPARR SPNRARR; %SMAPS:10113
  11858     UM; %UM: 1488
  11859     DL 0.665 ; %DL: 6559
  11860     SMAPS 389 MAPARR SPNRARR; %SMAPS:10113
  11861     UM; %UM: 1488
  11862     SBEND 2.427635 -0.098174789 0 0 0 0 0 0.5 0.5 ; %SBEND:10385
  11863     SMAPS 390 MAPARR SPNRARR; %SMAPS:10113
  11864     UM; %UM: 1488
  11865     DL 0.3 ; %DL: 6559
  11866     SMAPS 391 MAPARR SPNRARR; %SMAPS:10113
  11867     UM; %UM: 1488
  11868     SBEND 2.427635 -0.098174789 0 0 0 0 0 0.5 0.5 ; %SBEND:10385
  11869     SMAPS 392 MAPARR SPNRARR; %SMAPS:10113
  11870     UM; %UM: 1488
  11871     DL 0.665 ; %DL: 6559
  11872     SMAPS 393 MAPARR SPNRARR; %SMAPS:10113
  11873     UM; %UM: 1488
  11874     QUAD 0.235 0 QD ; %QUAD:10321
  11875     SMAPS 394 MAPARR SPNRARR; %SMAPS:10113
  11876     UM; %UM: 1488
  11877     QUAD 0.235 0 QD ; %QUAD:10321
  11878     SMAPS 395 MAPARR SPNRARR; %SMAPS:10113
  11879     UM; %UM: 1488
  11880     DL 0.665 ; %DL: 6559
  11881     SMAPS 396 MAPARR SPNRARR; %SMAPS:10113
  11882     UM; %UM: 1488
  11883     SBEND 2.427635 -0.098174789 0 0 0 0 0 0.5 0.5 ; %SBEND:10385
  11884     SMAPS 397 MAPARR SPNRARR; %SMAPS:10113
  11885     UM; %UM: 1488
  11886     DL 0.3 ; %DL: 6559
  11887     SMAPS 398 MAPARR SPNRARR; %SMAPS:10113
  11888     UM; %UM: 1488
  11889     SBEND 2.427635 -0.098174789 0 0 0 0 0 0.5 0.5 ; %SBEND:10385
  11890     SMAPS 399 MAPARR SPNRARR; %SMAPS:10113
  11891     UM; %UM: 1488
  11892     DL 0.665 ; %DL: 6559
  11893     SMAPS 400 MAPARR SPNRARR; %SMAPS:10113
  11894     UM; %UM: 1488
  11895     QUAD 0.235 0 QF2 ; %QUAD:10321
  11896     SMAPS 401 MAPARR SPNRARR; %SMAPS:10113
  11897     UM; %UM: 1488
  11898     QUAD 0.235 0 QF2 ; %QUAD:10321
  11899     SMAPS 402 MAPARR SPNRARR; %SMAPS:10113
  11900     UM; %UM: 1488
  11901     DL 0.665 ; %DL: 6559
  11902     SMAPS 403 MAPARR SPNRARR; %SMAPS:10113
  11903     UM; %UM: 1488
  11904     SBEND 2.427635 -0.098174789 0 0 0 0 0 0.5 0.5 ; %SBEND:10385
  11905     SMAPS 404 MAPARR SPNRARR; %SMAPS:10113
  11906     UM; %UM: 1488
  11907     DL 0.3 ; %DL: 6559
  11908     SMAPS 405 MAPARR SPNRARR; %SMAPS:10113
  11909     UM; %UM: 1488
  11910     SBEND 2.427635 -0.098174789 0 0 0 0 0 0.5 0.5 ; %SBEND:10385
  11911     SMAPS 406 MAPARR SPNRARR; %SMAPS:10113
  11912     UM; %UM: 1488
  11913     DL 0.665 ; %DL: 6559
  11914     SMAPS 407 MAPARR SPNRARR; %SMAPS:10113
  11915     UM; %UM: 1488
  11916     QUAD 0.235 0 QD ; %QUAD:10321
  11917     SMAPS 408 MAPARR SPNRARR; %SMAPS:10113
  11918     UM; %UM: 1488
  11919     QUAD 0.235 0 QDS ; %QUAD:10321
  11920     SMAPS 409 MAPARR SPNRARR; %SMAPS:10113
  11921     UM; %UM: 1488
  11922     DL 2.7 ; %DL: 6559
  11923     SMAPS 410 MAPARR SPNRARR; %SMAPS:10113
  11924     UM; %UM: 1488
  11925     QUAD 0.235 0 QFS1 ; %QUAD:10321
  11926     SMAPS 411 MAPARR SPNRARR; %SMAPS:10113
  11927     UM; %UM: 1488
  11928     QUAD 0.235 0 QFS1 ; %QUAD:10321
  11929     SMAPS 412 MAPARR SPNRARR; %SMAPS:10113
  11930     UM; %UM: 1488
  11931     DL 2.7 ; %DL: 6559
  11932     SMAPS 413 MAPARR SPNRARR; %SMAPS:10113
  11933     UM; %UM: 1488
  11934     QUAD 0.235 0 QDS ; %QUAD:10321
  11935     SMAPS 414 MAPARR SPNRARR; %SMAPS:10113
  11936     UM; %UM: 1488
  11937     QUAD 0.235 0 QDS ; %QUAD:10321
  11938     SMAPS 415 MAPARR SPNRARR; %SMAPS:10113
  11939     UM; %UM: 1488
  11940     DL 2.7 ; %DL: 6559
  11941     SMAPS 416 MAPARR SPNRARR; %SMAPS:10113
  11942     UM; %UM: 1488
  11943     QUAD 0.235 0 QFS1 ; %QUAD:10321
  11944     SMAPS 417 MAPARR SPNRARR; %SMAPS:10113
  11945     UM; %UM: 1488
  11946     QUAD 0.235 0 QFS1 ; %QUAD:10321
  11947     SMAPS 418 MAPARR SPNRARR; %SMAPS:10113
  11948     UM; %UM: 1488
  11949     DL 2.7 ; %DL: 6559
  11950     SMAPS 419 MAPARR SPNRARR; %SMAPS:10113
  11951     UM; %UM: 1488
  11952     QUAD 0.235 0 QDS ; %QUAD:10321
  11953     SMAPS 420 MAPARR SPNRARR; %SMAPS:10113
  11954     UM; %UM: 1488
  11955     QUAD 0.235 0 QDS ; %QUAD:10321
  11956     SMAPS 421 MAPARR SPNRARR; %SMAPS:10113
  11957     UM; %UM: 1488
  11958     DL 2.7 ; %DL: 6559
  11959     SMAPS 422 MAPARR SPNRARR; %SMAPS:10113
  11960     UM; %UM: 1488
  11961     QUAD 0.235 0 QFS1 ; %QUAD:10321
  11962     SMAPS 423 MAPARR SPNRARR; %SMAPS:10113
  11963     UM; %UM: 1488
  11964     QUAD 0.235 0 QFS1 ; %QUAD:10321
  11965     SMAPS 424 MAPARR SPNRARR; %SMAPS:10113
  11966     UM; %UM: 1488
  11967     DL 2.7 ; %DL: 6559
  11968     SMAPS 425 MAPARR SPNRARR; %SMAPS:10113
  11969     UM; %UM: 1488
  11970     QUAD 0.235 0 QDS ; %QUAD:10321
  11971     SMAPS 426 MAPARR SPNRARR; %SMAPS:10113
  11972     UM; %UM: 1488
  11973     QUAD 0.235 0 QDS ; %QUAD:10321
  11974     SMAPS 427 MAPARR SPNRARR; %SMAPS:10113
  11975     UM; %UM: 1488
  11976     DL 2.7 ; %DL: 6559
  11977     SMAPS 428 MAPARR SPNRARR; %SMAPS:10113
  11978     UM; %UM: 1488
  11979     QUAD 0.235 0 QFS1 ; %QUAD:10321
  11980     SMAPS 429 MAPARR SPNRARR; %SMAPS:10113
  11981     UM; %UM: 1488
  11982     QUAD 0.235 0 QFS1 ; %QUAD:10321
  11983     SMAPS 430 MAPARR SPNRARR; %SMAPS:10113
  11984     UM; %UM: 1488
  11985     DL 2.7 ; %DL: 6559
  11986     SMAPS 431 MAPARR SPNRARR; %SMAPS:10113
  11987     UM; %UM: 1488
  11988     QUAD 0.235 0 QDS ; %QUAD:10321
  11989     SMAPS 432 MAPARR SPNRARR; %SMAPS:10113
  11990     UM; %UM: 1488
  11991     QUAD 0.235 0 QDS ; %QUAD:10321
  11992     SMAPS 433 MAPARR SPNRARR; %SMAPS:10113
  11993     UM; %UM: 1488
  11994     DL 2.7 ; %DL: 6559
  11995     SMAPS 434 MAPARR SPNRARR; %SMAPS:10113
  11996     UM; %UM: 1488
  11997     QUAD 0.235 0 QFS1 ; %QUAD:10321
  11998     SMAPS 435 MAPARR SPNRARR; %SMAPS:10113
  11999     UM; %UM: 1488
  12000     QUAD 0.235 0 QFS1 ; %QUAD:10321
  12001     SMAPS 436 MAPARR SPNRARR; %SMAPS:10113
  12002     UM; %UM: 1488
  12003     DL 2.7 ; %DL: 6559
  12004     SMAPS 437 MAPARR SPNRARR; %SMAPS:10113
  12005     UM; %UM: 1488
  12006     QUAD 0.235 0 QDS ; %QUAD:10321
  12007     SMAPS 438 MAPARR SPNRARR; %SMAPS:10113
  12008     UM; %UM: 1488
  12009     QUAD 0.235 0 QDS ; %QUAD:10321
  12010     SMAPS 439 MAPARR SPNRARR; %SMAPS:10113
  12011     UM; %UM: 1488
  12012     DL 2.7 ; %DL: 6559
  12013     SMAPS 440 MAPARR SPNRARR; %SMAPS:10113
  12014     UM; %UM: 1488
  12015     QUAD 0.235 0 QFS1 ; %QUAD:10321
  12016     SMAPS 441 MAPARR SPNRARR; %SMAPS:10113
  12017     UM; %UM: 1488
  12018     QUAD 0.235 0 QFS1 ; %QUAD:10321
  12019     SMAPS 442 MAPARR SPNRARR; %SMAPS:10113
  12020     UM; %UM: 1488
  12021     DL 2.7 ; %DL: 6559
  12022     SMAPS 443 MAPARR SPNRARR; %SMAPS:10113
  12023     UM; %UM: 1488
  12024     QUAD 0.235 0 QDS ; %QUAD:10321
  12025     SMAPS 444 MAPARR SPNRARR; %SMAPS:10113
  12026     UM; %UM: 1488
  12027     QUAD 0.235 0 QDS ; %QUAD:10321
  12028     SMAPS 445 MAPARR SPNRARR; %SMAPS:10113
  12029     UM; %UM: 1488
  12030     DL 2.7 ; %DL: 6559
  12031     SMAPS 446 MAPARR SPNRARR; %SMAPS:10113
  12032     UM; %UM: 1488
  12033     QUAD 0.235 0 QFS1 ; %QUAD:10321
  12034     SMAPS 447 MAPARR SPNRARR; %SMAPS:10113
  12035     UM; %UM: 1488
  12036     QUAD 0.235 0 QFS1 ; %QUAD:10321
  12037     SMAPS 448 MAPARR SPNRARR; %SMAPS:10113
  12038     UM; %UM: 1488
  12039     DL 2.7 ; %DL: 6559
  12040     SMAPS 449 MAPARR SPNRARR; %SMAPS:10113
  12041     UM; %UM: 1488
  12042     QUAD 0.235 0 QDS ; %QUAD:10321
  12043     SMAPS 450 MAPARR SPNRARR; %SMAPS:10113
  12044     UM; %UM: 1488
  12045     QUAD 0.235 0 QDS ; %QUAD:10321
  12046     SMAPS 451 MAPARR SPNRARR; %SMAPS:10113
  12047     UM; %UM: 1488
  12048     DL 2.7 ; %DL: 6559
  12049     SMAPS 452 MAPARR SPNRARR; %SMAPS:10113
  12050     UM; %UM: 1488
  12051     QUAD 0.235 0 QFS1 ; %QUAD:10321
  12052     SMAPS 453 MAPARR SPNRARR; %SMAPS:10113
  12053     UM; %UM: 1488
  12054     QUAD 0.235 0 QFS1 ; %QUAD:10321
  12055     SMAPS 454 MAPARR SPNRARR; %SMAPS:10113
  12056     UM; %UM: 1488
  12057     DL 2.7 ; %DL: 6559
  12058     SMAPS 455 MAPARR SPNRARR; %SMAPS:10113
  12059     UM; %UM: 1488
  12060     QUAD 0.235 0 QDS ; %QUAD:10321
  12061     SMAPS 456 MAPARR SPNRARR; %SMAPS:10113
  12062     UM; %UM: 1488
  12063     QUAD 0.235 0 QDS ; %QUAD:10321
  12064     SMAPS 457 MAPARR SPNRARR; %SMAPS:10113
  12065     UM; %UM: 1488
  12066     DL 2.7 ; %DL: 6559
  12067     SMAPS 458 MAPARR SPNRARR; %SMAPS:10113
  12068     UM; %UM: 1488
  12069     QUAD 0.235 0 QFS1 ; %QUAD:10321
  12070     SMAPS 459 MAPARR SPNRARR; %SMAPS:10113
  12071     UM; %UM: 1488
  12072     QUAD 0.235 0 QFS1 ; %QUAD:10321
  12073     SMAPS 460 MAPARR SPNRARR; %SMAPS:10113
  12074     UM; %UM: 1488
  12075     DL 2.7 ; %DL: 6559
  12076     SMAPS 461 MAPARR SPNRARR; %SMAPS:10113
  12077     UM; %UM: 1488
  12078     QUAD 0.235 0 QDS ; %QUAD:10321
  12079     SMAPS 462 MAPARR SPNRARR; %SMAPS:10113
  12080     UM; %UM: 1488
  12081     QUAD 0.235 0 QDS ; %QUAD:10321
  12082     SMAPS 463 MAPARR SPNRARR; %SMAPS:10113
  12083     UM; %UM: 1488
  12084     DL 2.7 ; %DL: 6559
  12085     SMAPS 464 MAPARR SPNRARR; %SMAPS:10113
  12086     UM; %UM: 1488
  12087     QUAD 0.235 0 QFS1 ; %QUAD:10321
  12088     SMAPS 465 MAPARR SPNRARR; %SMAPS:10113
  12089     UM; %UM: 1488
  12090     QUAD 0.235 0 QFS1 ; %QUAD:10321
  12091     SMAPS 466 MAPARR SPNRARR; %SMAPS:10113
  12092     UM; %UM: 1488
  12093     DL 2.7 ; %DL: 6559
  12094     SMAPS 467 MAPARR SPNRARR; %SMAPS:10113
  12095     UM; %UM: 1488
  12096     QUAD 0.235 0 QDS ; %QUAD:10321
  12097     SMAPS 468 MAPARR SPNRARR; %SMAPS:10113
  12098     UM; %UM: 1488
  12099     QUAD 0.235 0 QDS ; %QUAD:10321
  12100     SMAPS 469 MAPARR SPNRARR; %SMAPS:10113
  12101     UM; %UM: 1488
  12102     DL 2.7 ; %DL: 6559
  12103     SMAPS 470 MAPARR SPNRARR; %SMAPS:10113
  12104     UM; %UM: 1488
  12105     QUAD 0.235 0 QFS1 ; %QUAD:10321
  12106     SMAPS 471 MAPARR SPNRARR; %SMAPS:10113
  12107     UM; %UM: 1488
  12108     QUAD 0.235 0 QFS1 ; %QUAD:10321
  12109     SMAPS 472 MAPARR SPNRARR; %SMAPS:10113
  12110     UM; %UM: 1488
  12111     DL 2.7 ; %DL: 6559
  12112     SMAPS 473 MAPARR SPNRARR; %SMAPS:10113
  12113     UM; %UM: 1488
  12114     QUAD 0.235 0 QDS ; %QUAD:10321
  12115     SMAPS 474 MAPARR SPNRARR; %SMAPS:10113
  12116     UM; %UM: 1488
  12117     QUAD 0.235 0 QDS ; %QUAD:10321
  12118     SMAPS 475 MAPARR SPNRARR; %SMAPS:10113
  12119     UM; %UM: 1488
  12120     DL 2.7 ; %DL: 6559
  12121     SMAPS 476 MAPARR SPNRARR; %SMAPS:10113
  12122     UM; %UM: 1488
  12123     QUAD 0.235 0 QFS1 ; %QUAD:10321
  12124     SMAPS 477 MAPARR SPNRARR; %SMAPS:10113
  12125     UM; %UM: 1488
  12126     QUAD 0.235 0 QFS1 ; %QUAD:10321
  12127     SMAPS 478 MAPARR SPNRARR; %SMAPS:10113
  12128     UM; %UM: 1488
  12129     DL 2.7 ; %DL: 6559
  12130     SMAPS 479 MAPARR SPNRARR; %SMAPS:10113
  12131     UM; %UM: 1488
  12132     QUAD 0.235 0 QDS ; %QUAD:10321
  12133     SMAPS 480 MAPARR SPNRARR; %SMAPS:10113
  12134     ENDPROCEDURE;
 --- BIN FILE WRITTEN: 8shape_resonant_maps
  12135   SAVE '8shape_resonant_maps';
