 --- BIN FILE READ: header
  10647 INCLUDE 'header';
  10648   PROCEDURE LATTICE SEXTGX1 SEXTGY1 SEXTGX2 SEXTGY2 EB1 RFFLAG;
  10649     VARIABLE I 1;
  10650     VARIABLE J 1;
  10651     VARIABLE VRF 1 1 1;
  10652     VARIABLE FREQ 1;
  10653     VARIABLE HNUM 1;
  10654     VARIABLE EBE 1;
  10655     VARIABLE BBE 1;
  10656     VARIABLE QF 1;
  10657     VARIABLE QD 1;
  10658     VARIABLE QFS1 1;
  10659     VARIABLE QDS 1;
  10660     VARIABLE QF1 1;
  10661     VARIABLE QF2 1;
  10662     VARIABLE LEN_S 1;
  10663     VARIABLE A 1;
  10664     VARIABLE SF1 1;
  10665     VARIABLE SF2 1;
  10666     VARIABLE SD 1;
  10667     VARIABLE SD1 1;
  10668     EBE := EB1;
  10669     A := 0.05;
  10670     LEN_S := 0.30;
  10671     SF1 := SEXTGX1;
  10672     SF2 := SEXTGX2;
  10673     SD  := SEXTGY1;
  10674     SD1 := SEXTGY2;
  10675     QD:=-0.4428235462;
  10676     QF1:=0.5826802978;
  10677     QF2:=0.3735130114;
  10678     QDS:=-0.4428235462;
  10679     QFS1:=0.3684579481;
  10680     HNUM := 66;
  10681     VRF(1, 1) := 100/HNUM;
  10682     FREQ := HNUM*REVFREQ(FACCLEN(1)); %REVFREQ: 9907 %FACCLEN:10584
  10683     WRITE 6 '********************************************';
  10684     WRITE 6 '*      8shape resonant 15 MAY 2025           *';
  10685     WRITE 6 '********************************************';
  10686     WRITE 6 'REVOLUTION FREQUENCY: '&ST(REVFREQ(FACCLEN(1))/1E6)&' MHZ
                  '; %REVFREQ: 9907 %FACCLEN:10584
  10687     WRITE 6 'RF FREQUENCY: '&ST(FREQ/1E6)&' MHZ';
  10688     UM; %UM: 1488
  10689     CR; %CR:  947
  10690     IF RFFLAG=1;
  10691       RF VRF 0 FREQ 0 0.05; %RF: 8697
  10692       ENDIF;
  10693     LOOP I 1 1;
  10694       QUAD 0.235 0 QD ; %QUAD:10321
  10695       DL 0.665 ; %DL: 6559
  10696       SBEND 2.427635 0.098174789 0 0 0 0 0 0.5 0.5 ; %SBEND:10385
  10697       DL 0.3 ; %DL: 6559
  10698       SBEND 2.427635 0.098174789 0 0 0 0 0 0.5 0.5 ; %SBEND:10385
  10699       DL 0.665 ; %DL: 6559
  10700       QUAD 0.235 0 QF2 ; %QUAD:10321
  10701       QUAD 0.235 0 QF2 ; %QUAD:10321
  10702       DL 0.665 ; %DL: 6559
  10703       SBEND 2.427635 0.098174789 0 0 0 0 0 0.5 0.5 ; %SBEND:10385
  10704       DL 0.3 ; %DL: 6559
  10705       SBEND 2.427635 0.098174789 0 0 0 0 0 0.5 0.5 ; %SBEND:10385
  10706       DL 0.665 ; %DL: 6559
  10707       QUAD 0.235 0 QD ; %QUAD:10321
  10708       QUAD 0.235 0 QD ; %QUAD:10321
  10709       DL 0.665 ; %DL: 6559
  10710       SBEND 2.427635 0.098174789 0 0 0 0 0 0.5 0.5 ; %SBEND:10385
  10711       DL 0.3 ; %DL: 6559
  10712       SBEND 2.427635 0.098174789 0 0 0 0 0 0.5 0.5 ; %SBEND:10385
  10713       DL 0.665 ; %DL: 6559
  10714       QUAD 0.235 0 QF1 ; %QUAD:10321
  10715       QUAD 0.235 0 QF1 ; %QUAD:10321
  10716       DL 0.665 ; %DL: 6559
  10717       SBEND 2.427635 0.098174789 0 0 0 0 0 0.5 0.5 ; %SBEND:10385
  10718       DL 0.3 ; %DL: 6559
  10719       SBEND 2.427635 0.098174789 0 0 0 0 0 0.5 0.5 ; %SBEND:10385
  10720       DL 0.665 ; %DL: 6559
  10721       QUAD 0.235 0 QD ; %QUAD:10321
  10722       QUAD 0.235 0 QD ; %QUAD:10321
  10723       DL 0.665 ; %DL: 6559
  10724       SBEND 2.427635 0.098174789 0 0 0 0 0 0.5 0.5 ; %SBEND:10385
  10725       DL 0.3 ; %DL: 6559
  10726       SBEND 2.427635 0.098174789 0 0 0 0 0 0.5 0.5 ; %SBEND:10385
  10727       DL 0.665 ; %DL: 6559
  10728       QUAD 0.235 0 QF2 ; %QUAD:10321
  10729       QUAD 0.235 0 QF2 ; %QUAD:10321
  10730       DL 0.665 ; %DL: 6559
  10731       SBEND 2.427635 0.098174789 0 0 0 0 0 0.5 0.5 ; %SBEND:10385
  10732       DL 0.3 ; %DL: 6559
  10733       SBEND 2.427635 0.098174789 0 0 0 0 0 0.5 0.5 ; %SBEND:10385
  10734       DL 0.665 ; %DL: 6559
  10735       QUAD 0.235 0 QD ; %QUAD:10321
  10736       QUAD 0.235 0 QD ; %QUAD:10321
  10737       DL 0.665 ; %DL: 6559
  10738       SBEND 2.427635 0.098174789 0 0 0 0 0 0.5 0.5 ; %SBEND:10385
  10739       DL 0.3 ; %DL: 6559
  10740       SBEND 2.427635 0.098174789 0 0 0 0 0 0.5 0.5 ; %SBEND:10385
  10741       DL 0.665 ; %DL: 6559
  10742       QUAD 0.235 0 QF2 ; %QUAD:10321
  10743       QUAD 0.235 0 QF2 ; %QUAD:10321
  10744       DL 0.665 ; %DL: 6559
  10745       SBEND 2.427635 0.098174789 0 0 0 0 0 0.5 0.5 ; %SBEND:10385
  10746       DL 0.3 ; %DL: 6559
  10747       SBEND 2.427635 0.098174789 0 0 0 0 0 0.5 0.5 ; %SBEND:10385
  10748       DL 0.665 ; %DL: 6559
  10749       QUAD 0.235 0 QD ; %QUAD:10321
  10750       QUAD 0.235 0 QD ; %QUAD:10321
  10751       DL 0.665 ; %DL: 6559
  10752       SBEND 2.427635 0.098174789 0 0 0 0 0 0.5 0.5 ; %SBEND:10385
  10753       DL 0.3 ; %DL: 6559
  10754       SBEND 2.427635 0.098174789 0 0 0 0 0 0.5 0.5 ; %SBEND:10385
  10755       DL 0.665 ; %DL: 6559
  10756       QUAD 0.235 0 QF1 ; %QUAD:10321
  10757       QUAD 0.235 0 QF1 ; %QUAD:10321
  10758       DL 0.665 ; %DL: 6559
  10759       SBEND 2.427635 0.098174789 0 0 0 0 0 0.5 0.5 ; %SBEND:10385
  10760       DL 0.3 ; %DL: 6559
  10761       SBEND 2.427635 0.098174789 0 0 0 0 0 0.5 0.5 ; %SBEND:10385
  10762       DL 0.665 ; %DL: 6559
  10763       QUAD 0.235 0 QD ; %QUAD:10321
  10764       QUAD 0.235 0 QD ; %QUAD:10321
  10765       DL 0.665 ; %DL: 6559
  10766       SBEND 2.427635 0.098174789 0 0 0 0 0 0.5 0.5 ; %SBEND:10385
  10767       DL 0.3 ; %DL: 6559
  10768       SBEND 2.427635 0.098174789 0 0 0 0 0 0.5 0.5 ; %SBEND:10385
  10769       DL 0.665 ; %DL: 6559
  10770       QUAD 0.235 0 QF2 ; %QUAD:10321
  10771       QUAD 0.235 0 QF2 ; %QUAD:10321
  10772       DL 0.665 ; %DL: 6559
  10773       SBEND 2.427635 0.098174789 0 0 0 0 0 0.5 0.5 ; %SBEND:10385
  10774       DL 0.3 ; %DL: 6559
  10775       SBEND 2.427635 0.098174789 0 0 0 0 0 0.5 0.5 ; %SBEND:10385
  10776       DL 0.665 ; %DL: 6559
  10777       QUAD 0.235 0 QD ; %QUAD:10321
  10778       QUAD 0.235 0 QD ; %QUAD:10321
  10779       DL 0.665 ; %DL: 6559
  10780       SBEND 2.427635 0.098174789 0 0 0 0 0 0.5 0.5 ; %SBEND:10385
  10781       DL 0.3 ; %DL: 6559
  10782       SBEND 2.427635 0.098174789 0 0 0 0 0 0.5 0.5 ; %SBEND:10385
  10783       DL 0.665 ; %DL: 6559
  10784       QUAD 0.235 0 QF2 ; %QUAD:10321
  10785       QUAD 0.235 0 QF2 ; %QUAD:10321
  10786       DL 0.665 ; %DL: 6559
  10787       SBEND 2.427635 0.098174789 0 0 0 0 0 0.5 0.5 ; %SBEND:10385
  10788       DL 0.3 ; %DL: 6559
  10789       SBEND 2.427635 0.098174789 0 0 0 0 0 0.5 0.5 ; %SBEND:10385
  10790       DL 0.665 ; %DL: 6559
  10791       QUAD 0.235 0 QD ; %QUAD:10321
  10792       QUAD 0.235 0 QD ; %QUAD:10321
  10793       DL 0.665 ; %DL: 6559
  10794       SBEND 2.427635 0.098174789 0 0 0 0 0 0.5 0.5 ; %SBEND:10385
  10795       DL 0.3 ; %DL: 6559
  10796       SBEND 2.427635 0.098174789 0 0 0 0 0 0.5 0.5 ; %SBEND:10385
  10797       DL 0.665 ; %DL: 6559
  10798       QUAD 0.235 0 QF1 ; %QUAD:10321
  10799       QUAD 0.235 0 QF1 ; %QUAD:10321
  10800       DL 0.665 ; %DL: 6559
  10801       SBEND 2.427635 0.098174789 0 0 0 0 0 0.5 0.5 ; %SBEND:10385
  10802       DL 0.3 ; %DL: 6559
  10803       SBEND 2.427635 0.098174789 0 0 0 0 0 0.5 0.5 ; %SBEND:10385
  10804       DL 0.665 ; %DL: 6559
  10805       QUAD 0.235 0 QD ; %QUAD:10321
  10806       QUAD 0.235 0 QD ; %QUAD:10321
  10807       DL 0.665 ; %DL: 6559
  10808       SBEND 2.427635 0.098174789 0 0 0 0 0 0.5 0.5 ; %SBEND:10385
  10809       DL 0.3 ; %DL: 6559
  10810       SBEND 2.427635 0.098174789 0 0 0 0 0 0.5 0.5 ; %SBEND:10385
  10811       DL 0.665 ; %DL: 6559
  10812       QUAD 0.235 0 QF2 ; %QUAD:10321
  10813       QUAD 0.235 0 QF2 ; %QUAD:10321
  10814       DL 0.665 ; %DL: 6559
  10815       SBEND 2.427635 0.098174789 0 0 0 0 0 0.5 0.5 ; %SBEND:10385
  10816       DL 0.3 ; %DL: 6559
  10817       SBEND 2.427635 0.098174789 0 0 0 0 0 0.5 0.5 ; %SBEND:10385
  10818       DL 0.665 ; %DL: 6559
  10819       QUAD 0.235 0 QD ; %QUAD:10321
  10820       QUAD 0.235 0 QD ; %QUAD:10321
  10821       DL 0.665 ; %DL: 6559
  10822       SBEND 2.427635 0.098174789 0 0 0 0 0 0.5 0.5 ; %SBEND:10385
  10823       DL 0.3 ; %DL: 6559
  10824       SBEND 2.427635 0.098174789 0 0 0 0 0 0.5 0.5 ; %SBEND:10385
  10825       DL 0.665 ; %DL: 6559
  10826       QUAD 0.235 0 QF2 ; %QUAD:10321
  10827       QUAD 0.235 0 QF2 ; %QUAD:10321
  10828       DL 0.665 ; %DL: 6559
  10829       SBEND 2.427635 0.098174789 0 0 0 0 0 0.5 0.5 ; %SBEND:10385
  10830       DL 0.3 ; %DL: 6559
  10831       SBEND 2.427635 0.098174789 0 0 0 0 0 0.5 0.5 ; %SBEND:10385
  10832       DL 0.665 ; %DL: 6559
  10833       QUAD 0.235 0 QD ; %QUAD:10321
  10834       QUAD 0.235 0 QD ; %QUAD:10321
  10835       DL 0.665 ; %DL: 6559
  10836       SBEND 2.427635 0.098174789 0 0 0 0 0 0.5 0.5 ; %SBEND:10385
  10837       DL 0.3 ; %DL: 6559
  10838       SBEND 2.427635 0.098174789 0 0 0 0 0 0.5 0.5 ; %SBEND:10385
  10839       DL 0.665 ; %DL: 6559
  10840       QUAD 0.235 0 QF1 ; %QUAD:10321
  10841       QUAD 0.235 0 QF1 ; %QUAD:10321
  10842       DL 0.665 ; %DL: 6559
  10843       SBEND 2.427635 0.098174789 0 0 0 0 0 0.5 0.5 ; %SBEND:10385
  10844       DL 0.3 ; %DL: 6559
  10845       SBEND 2.427635 0.098174789 0 0 0 0 0 0.5 0.5 ; %SBEND:10385
  10846       DL 0.665 ; %DL: 6559
  10847       QUAD 0.235 0 QD ; %QUAD:10321
  10848       QUAD 0.235 0 QD ; %QUAD:10321
  10849       DL 0.665 ; %DL: 6559
  10850       SBEND 2.427635 0.098174789 0 0 0 0 0 0.5 0.5 ; %SBEND:10385
  10851       DL 0.3 ; %DL: 6559
  10852       SBEND 2.427635 0.098174789 0 0 0 0 0 0.5 0.5 ; %SBEND:10385
  10853       DL 0.665 ; %DL: 6559
  10854       QUAD 0.235 0 QF2 ; %QUAD:10321
  10855       QUAD 0.235 0 QF2 ; %QUAD:10321
  10856       DL 0.665 ; %DL: 6559
  10857       SBEND 2.427635 0.098174789 0 0 0 0 0 0.5 0.5 ; %SBEND:10385
  10858       DL 0.3 ; %DL: 6559
  10859       SBEND 2.427635 0.098174789 0 0 0 0 0 0.5 0.5 ; %SBEND:10385
  10860       DL 0.665 ; %DL: 6559
  10861       QUAD 0.235 0 QD ; %QUAD:10321
  10862       QUAD 0.235 0 QDS ; %QUAD:10321
  10863       DL 2.7 ; %DL: 6559
  10864       QUAD 0.235 0 QFS1 ; %QUAD:10321
  10865       QUAD 0.235 0 QFS1 ; %QUAD:10321
  10866       DL 2.7 ; %DL: 6559
  10867       QUAD 0.235 0 QDS ; %QUAD:10321
  10868       QUAD 0.235 0 QDS ; %QUAD:10321
  10869       DL 2.7 ; %DL: 6559
  10870       QUAD 0.235 0 QFS1 ; %QUAD:10321
  10871       QUAD 0.235 0 QFS1 ; %QUAD:10321
  10872       DL 2.7 ; %DL: 6559
  10873       QUAD 0.235 0 QDS ; %QUAD:10321
  10874       QUAD 0.235 0 QDS ; %QUAD:10321
  10875       DL 2.7 ; %DL: 6559
  10876       QUAD 0.235 0 QFS1 ; %QUAD:10321
  10877       QUAD 0.235 0 QFS1 ; %QUAD:10321
  10878       DL 2.7 ; %DL: 6559
  10879       QUAD 0.235 0 QDS ; %QUAD:10321
  10880       QUAD 0.235 0 QDS ; %QUAD:10321
  10881       DL 2.7 ; %DL: 6559
  10882       QUAD 0.235 0 QFS1 ; %QUAD:10321
  10883       QUAD 0.235 0 QFS1 ; %QUAD:10321
  10884       DL 2.7 ; %DL: 6559
  10885       QUAD 0.235 0 QDS ; %QUAD:10321
  10886       QUAD 0.235 0 QDS ; %QUAD:10321
  10887       DL 2.7 ; %DL: 6559
  10888       QUAD 0.235 0 QFS1 ; %QUAD:10321
  10889       QUAD 0.235 0 QFS1 ; %QUAD:10321
  10890       DL 2.7 ; %DL: 6559
  10891       QUAD 0.235 0 QDS ; %QUAD:10321
  10892       QUAD 0.235 0 QDS ; %QUAD:10321
  10893       DL 2.7 ; %DL: 6559
  10894       QUAD 0.235 0 QFS1 ; %QUAD:10321
  10895       QUAD 0.235 0 QFS1 ; %QUAD:10321
  10896       DL 2.7 ; %DL: 6559
  10897       QUAD 0.235 0 QDS ; %QUAD:10321
  10898       QUAD 0.235 0 QDS ; %QUAD:10321
  10899       DL 2.7 ; %DL: 6559
  10900       QUAD 0.235 0 QFS1 ; %QUAD:10321
  10901       QUAD 0.235 0 QFS1 ; %QUAD:10321
  10902       DL 2.7 ; %DL: 6559
  10903       QUAD 0.235 0 QDS ; %QUAD:10321
  10904       QUAD 0.235 0 QDS ; %QUAD:10321
  10905       DL 2.7 ; %DL: 6559
  10906       QUAD 0.235 0 QFS1 ; %QUAD:10321
  10907       QUAD 0.235 0 QFS1 ; %QUAD:10321
  10908       DL 2.7 ; %DL: 6559
  10909       QUAD 0.235 0 QDS ; %QUAD:10321
  10910       QUAD 0.235 0 QDS ; %QUAD:10321
  10911       DL 2.7 ; %DL: 6559
  10912       QUAD 0.235 0 QFS1 ; %QUAD:10321
  10913       QUAD 0.235 0 QFS1 ; %QUAD:10321
  10914       DL 2.7 ; %DL: 6559
  10915       QUAD 0.235 0 QDS ; %QUAD:10321
  10916       QUAD 0.235 0 QDS ; %QUAD:10321
  10917       DL 2.7 ; %DL: 6559
  10918       QUAD 0.235 0 QFS1 ; %QUAD:10321
  10919       QUAD 0.235 0 QFS1 ; %QUAD:10321
  10920       DL 2.7 ; %DL: 6559
  10921       QUAD 0.235 0 QDS ; %QUAD:10321
  10922       QUAD 0.235 0 QDS ; %QUAD:10321
  10923       DL 2.7 ; %DL: 6559
  10924       QUAD 0.235 0 QFS1 ; %QUAD:10321
  10925       QUAD 0.235 0 QFS1 ; %QUAD:10321
  10926       DL 2.7 ; %DL: 6559
  10927       QUAD 0.235 0 QDS ; %QUAD:10321
  10928       QUAD 0.235 0 QDS ; %QUAD:10321
  10929       DL 2.7 ; %DL: 6559
  10930       QUAD 0.235 0 QFS1 ; %QUAD:10321
  10931       QUAD 0.235 0 QFS1 ; %QUAD:10321
  10932       DL 2.7 ; %DL: 6559
  10933       QUAD 0.235 0 QDS ; %QUAD:10321
  10934       QUAD 0.235 0 QD ; %QUAD:10321
  10935       DL 0.665 ; %DL: 6559
  10936       SBEND 2.427635 -0.098174789 0 0 0 0 0 0.5 0.5 ; %SBEND:10385
  10937       DL 0.3 ; %DL: 6559
  10938       SBEND 2.427635 -0.098174789 0 0 0 0 0 0.5 0.5 ; %SBEND:10385
  10939       DL 0.665 ; %DL: 6559
  10940       QUAD 0.235 0 QF2 ; %QUAD:10321
  10941       QUAD 0.235 0 QF2 ; %QUAD:10321
  10942       DL 0.665 ; %DL: 6559
  10943       SBEND 2.427635 -0.098174789 0 0 0 0 0 0.5 0.5 ; %SBEND:10385
  10944       DL 0.3 ; %DL: 6559
  10945       SBEND 2.427635 -0.098174789 0 0 0 0 0 0.5 0.5 ; %SBEND:10385
  10946       DL 0.665 ; %DL: 6559
  10947       QUAD 0.235 0 QD ; %QUAD:10321
  10948       QUAD 0.235 0 QD ; %QUAD:10321
  10949       DL 0.665 ; %DL: 6559
  10950       SBEND 2.427635 -0.098174789 0 0 0 0 0 0.5 0.5 ; %SBEND:10385
  10951       DL 0.3 ; %DL: 6559
  10952       SBEND 2.427635 -0.098174789 0 0 0 0 0 0.5 0.5 ; %SBEND:10385
  10953       DL 0.665 ; %DL: 6559
  10954       QUAD 0.235 0 QF1 ; %QUAD:10321
  10955       QUAD 0.235 0 QF1 ; %QUAD:10321
  10956       DL 0.665 ; %DL: 6559
  10957       SBEND 2.427635 -0.098174789 0 0 0 0 0 0.5 0.5 ; %SBEND:10385
  10958       DL 0.3 ; %DL: 6559
  10959       SBEND 2.427635 -0.098174789 0 0 0 0 0 0.5 0.5 ; %SBEND:10385
  10960       DL 0.665 ; %DL: 6559
  10961       QUAD 0.235 0 QD ; %QUAD:10321
  10962       QUAD 0.235 0 QD ; %QUAD:10321
  10963       DL 0.665 ; %DL: 6559
  10964       SBEND 2.427635 -0.098174789 0 0 0 0 0 0.5 0.5 ; %SBEND:10385
  10965       DL 0.3 ; %DL: 6559
  10966       SBEND 2.427635 -0.098174789 0 0 0 0 0 0.5 0.5 ; %SBEND:10385
  10967       DL 0.665 ; %DL: 6559
  10968       QUAD 0.235 0 QF2 ; %QUAD:10321
  10969       QUAD 0.235 0 QF2 ; %QUAD:10321
  10970       DL 0.665 ; %DL: 6559
  10971       SBEND 2.427635 -0.098174789 0 0 0 0 0 0.5 0.5 ; %SBEND:10385
  10972       DL 0.3 ; %DL: 6559
  10973       SBEND 2.427635 -0.098174789 0 0 0 0 0 0.5 0.5 ; %SBEND:10385
  10974       DL 0.665 ; %DL: 6559
  10975       QUAD 0.235 0 QD ; %QUAD:10321
  10976       QUAD 0.235 0 QD ; %QUAD:10321
  10977       DL 0.665 ; %DL: 6559
  10978       SBEND 2.427635 -0.098174789 0 0 0 0 0 0.5 0.5 ; %SBEND:10385
  10979       DL 0.3 ; %DL: 6559
  10980       SBEND 2.427635 -0.098174789 0 0 0 0 0 0.5 0.5 ; %SBEND:10385
  10981       DL 0.665 ; %DL: 6559
  10982       QUAD 0.235 0 QF2 ; %QUAD:10321
  10983       QUAD 0.235 0 QF2 ; %QUAD:10321
  10984       DL 0.665 ; %DL: 6559
  10985       SBEND 2.427635 -0.098174789 0 0 0 0 0 0.5 0.5 ; %SBEND:10385
  10986       DL 0.3 ; %DL: 6559
  10987       SBEND 2.427635 -0.098174789 0 0 0 0 0 0.5 0.5 ; %SBEND:10385
  10988       DL 0.665 ; %DL: 6559
  10989       QUAD 0.235 0 QD ; %QUAD:10321
  10990       QUAD 0.235 0 QD ; %QUAD:10321
  10991       DL 0.665 ; %DL: 6559
  10992       SBEND 2.427635 -0.098174789 0 0 0 0 0 0.5 0.5 ; %SBEND:10385
  10993       DL 0.3 ; %DL: 6559
  10994       SBEND 2.427635 -0.098174789 0 0 0 0 0 0.5 0.5 ; %SBEND:10385
  10995       DL 0.665 ; %DL: 6559
  10996       QUAD 0.235 0 QF1 ; %QUAD:10321
  10997       QUAD 0.235 0 QF1 ; %QUAD:10321
  10998       DL 0.665 ; %DL: 6559
  10999       SBEND 2.427635 -0.098174789 0 0 0 0 0 0.5 0.5 ; %SBEND:10385
  11000       DL 0.3 ; %DL: 6559
  11001       SBEND 2.427635 -0.098174789 0 0 0 0 0 0.5 0.5 ; %SBEND:10385
  11002       DL 0.665 ; %DL: 6559
  11003       QUAD 0.235 0 QD ; %QUAD:10321
  11004       QUAD 0.235 0 QD ; %QUAD:10321
  11005       DL 0.665 ; %DL: 6559
  11006       SBEND 2.427635 -0.098174789 0 0 0 0 0 0.5 0.5 ; %SBEND:10385
  11007       DL 0.3 ; %DL: 6559
  11008       SBEND 2.427635 -0.098174789 0 0 0 0 0 0.5 0.5 ; %SBEND:10385
  11009       DL 0.665 ; %DL: 6559
  11010       QUAD 0.235 0 QF2 ; %QUAD:10321
  11011       QUAD 0.235 0 QF2 ; %QUAD:10321
  11012       DL 0.665 ; %DL: 6559
  11013       SBEND 2.427635 -0.098174789 0 0 0 0 0 0.5 0.5 ; %SBEND:10385
  11014       DL 0.3 ; %DL: 6559
  11015       SBEND 2.427635 -0.098174789 0 0 0 0 0 0.5 0.5 ; %SBEND:10385
  11016       DL 0.665 ; %DL: 6559
  11017       QUAD 0.235 0 QD ; %QUAD:10321
  11018       QUAD 0.235 0 QD ; %QUAD:10321
  11019       DL 0.665 ; %DL: 6559
  11020       SBEND 2.427635 -0.098174789 0 0 0 0 0 0.5 0.5 ; %SBEND:10385
  11021       DL 0.3 ; %DL: 6559
  11022       SBEND 2.427635 -0.098174789 0 0 0 0 0 0.5 0.5 ; %SBEND:10385
  11023       DL 0.665 ; %DL: 6559
  11024       QUAD 0.235 0 QF2 ; %QUAD:10321
  11025       QUAD 0.235 0 QF2 ; %QUAD:10321
  11026       DL 0.665 ; %DL: 6559
  11027       SBEND 2.427635 -0.098174789 0 0 0 0 0 0.5 0.5 ; %SBEND:10385
  11028       DL 0.3 ; %DL: 6559
  11029       SBEND 2.427635 -0.098174789 0 0 0 0 0 0.5 0.5 ; %SBEND:10385
  11030       DL 0.665 ; %DL: 6559
  11031       QUAD 0.235 0 QD ; %QUAD:10321
  11032       QUAD 0.235 0 QD ; %QUAD:10321
  11033       DL 0.665 ; %DL: 6559
  11034       SBEND 2.427635 -0.098174789 0 0 0 0 0 0.5 0.5 ; %SBEND:10385
  11035       DL 0.3 ; %DL: 6559
  11036       SBEND 2.427635 -0.098174789 0 0 0 0 0 0.5 0.5 ; %SBEND:10385
  11037       DL 0.665 ; %DL: 6559
  11038       QUAD 0.235 0 QF1 ; %QUAD:10321
  11039       QUAD 0.235 0 QF1 ; %QUAD:10321
  11040       DL 0.665 ; %DL: 6559
  11041       SBEND 2.427635 -0.098174789 0 0 0 0 0 0.5 0.5 ; %SBEND:10385
  11042       DL 0.3 ; %DL: 6559
  11043       SBEND 2.427635 -0.098174789 0 0 0 0 0 0.5 0.5 ; %SBEND:10385
  11044       DL 0.665 ; %DL: 6559
  11045       QUAD 0.235 0 QD ; %QUAD:10321
  11046       QUAD 0.235 0 QD ; %QUAD:10321
  11047       DL 0.665 ; %DL: 6559
  11048       SBEND 2.427635 -0.098174789 0 0 0 0 0 0.5 0.5 ; %SBEND:10385
  11049       DL 0.3 ; %DL: 6559
  11050       SBEND 2.427635 -0.098174789 0 0 0 0 0 0.5 0.5 ; %SBEND:10385
  11051       DL 0.665 ; %DL: 6559
  11052       QUAD 0.235 0 QF2 ; %QUAD:10321
  11053       QUAD 0.235 0 QF2 ; %QUAD:10321
  11054       DL 0.665 ; %DL: 6559
  11055       SBEND 2.427635 -0.098174789 0 0 0 0 0 0.5 0.5 ; %SBEND:10385
  11056       DL 0.3 ; %DL: 6559
  11057       SBEND 2.427635 -0.098174789 0 0 0 0 0 0.5 0.5 ; %SBEND:10385
  11058       DL 0.665 ; %DL: 6559
  11059       QUAD 0.235 0 QD ; %QUAD:10321
  11060       QUAD 0.235 0 QD ; %QUAD:10321
  11061       DL 0.665 ; %DL: 6559
  11062       SBEND 2.427635 -0.098174789 0 0 0 0 0 0.5 0.5 ; %SBEND:10385
  11063       DL 0.3 ; %DL: 6559
  11064       SBEND 2.427635 -0.098174789 0 0 0 0 0 0.5 0.5 ; %SBEND:10385
  11065       DL 0.665 ; %DL: 6559
  11066       QUAD 0.235 0 QF2 ; %QUAD:10321
  11067       QUAD 0.235 0 QF2 ; %QUAD:10321
  11068       DL 0.665 ; %DL: 6559
  11069       SBEND 2.427635 -0.098174789 0 0 0 0 0 0.5 0.5 ; %SBEND:10385
  11070       DL 0.3 ; %DL: 6559
  11071       SBEND 2.427635 -0.098174789 0 0 0 0 0 0.5 0.5 ; %SBEND:10385
  11072       DL 0.665 ; %DL: 6559
  11073       QUAD 0.235 0 QD ; %QUAD:10321
  11074       QUAD 0.235 0 QD ; %QUAD:10321
  11075       DL 0.665 ; %DL: 6559
  11076       SBEND 2.427635 -0.098174789 0 0 0 0 0 0.5 0.5 ; %SBEND:10385
  11077       DL 0.3 ; %DL: 6559
  11078       SBEND 2.427635 -0.098174789 0 0 0 0 0 0.5 0.5 ; %SBEND:10385
  11079       DL 0.665 ; %DL: 6559
  11080       QUAD 0.235 0 QF1 ; %QUAD:10321
  11081       QUAD 0.235 0 QF1 ; %QUAD:10321
  11082       DL 0.665 ; %DL: 6559
  11083       SBEND 2.427635 -0.098174789 0 0 0 0 0 0.5 0.5 ; %SBEND:10385
  11084       DL 0.3 ; %DL: 6559
  11085       SBEND 2.427635 -0.098174789 0 0 0 0 0 0.5 0.5 ; %SBEND:10385
  11086       DL 0.665 ; %DL: 6559
  11087       QUAD 0.235 0 QD ; %QUAD:10321
  11088       QUAD 0.235 0 QD ; %QUAD:10321
  11089       DL 0.665 ; %DL: 6559
  11090       SBEND 2.427635 -0.098174789 0 0 0 0 0 0.5 0.5 ; %SBEND:10385
  11091       DL 0.3 ; %DL: 6559
  11092       SBEND 2.427635 -0.098174789 0 0 0 0 0 0.5 0.5 ; %SBEND:10385
  11093       DL 0.665 ; %DL: 6559
  11094       QUAD 0.235 0 QF2 ; %QUAD:10321
  11095       QUAD 0.235 0 QF2 ; %QUAD:10321
  11096       DL 0.665 ; %DL: 6559
  11097       SBEND 2.427635 -0.098174789 0 0 0 0 0 0.5 0.5 ; %SBEND:10385
  11098       DL 0.3 ; %DL: 6559
  11099       SBEND 2.427635 -0.098174789 0 0 0 0 0 0.5 0.5 ; %SBEND:10385
  11100       DL 0.665 ; %DL: 6559
  11101       QUAD 0.235 0 QD ; %QUAD:10321
  11102       QUAD 0.235 0 QDS ; %QUAD:10321
  11103       DL 2.7 ; %DL: 6559
  11104       QUAD 0.235 0 QFS1 ; %QUAD:10321
  11105       QUAD 0.235 0 QFS1 ; %QUAD:10321
  11106       DL 2.7 ; %DL: 6559
  11107       QUAD 0.235 0 QDS ; %QUAD:10321
  11108       QUAD 0.235 0 QDS ; %QUAD:10321
  11109       DL 2.7 ; %DL: 6559
  11110       QUAD 0.235 0 QFS1 ; %QUAD:10321
  11111       QUAD 0.235 0 QFS1 ; %QUAD:10321
  11112       DL 2.7 ; %DL: 6559
  11113       QUAD 0.235 0 QDS ; %QUAD:10321
  11114       QUAD 0.235 0 QDS ; %QUAD:10321
  11115       DL 2.7 ; %DL: 6559
  11116       QUAD 0.235 0 QFS1 ; %QUAD:10321
  11117       QUAD 0.235 0 QFS1 ; %QUAD:10321
  11118       DL 2.7 ; %DL: 6559
  11119       QUAD 0.235 0 QDS ; %QUAD:10321
  11120       QUAD 0.235 0 QDS ; %QUAD:10321
  11121       DL 2.7 ; %DL: 6559
  11122       QUAD 0.235 0 QFS1 ; %QUAD:10321
  11123       QUAD 0.235 0 QFS1 ; %QUAD:10321
  11124       DL 2.7 ; %DL: 6559
  11125       QUAD 0.235 0 QDS ; %QUAD:10321
  11126       QUAD 0.235 0 QDS ; %QUAD:10321
  11127       DL 2.7 ; %DL: 6559
  11128       QUAD 0.235 0 QFS1 ; %QUAD:10321
  11129       QUAD 0.235 0 QFS1 ; %QUAD:10321
  11130       DL 2.7 ; %DL: 6559
  11131       QUAD 0.235 0 QDS ; %QUAD:10321
  11132       QUAD 0.235 0 QDS ; %QUAD:10321
  11133       DL 2.7 ; %DL: 6559
  11134       QUAD 0.235 0 QFS1 ; %QUAD:10321
  11135       QUAD 0.235 0 QFS1 ; %QUAD:10321
  11136       DL 2.7 ; %DL: 6559
  11137       QUAD 0.235 0 QDS ; %QUAD:10321
  11138       QUAD 0.235 0 QDS ; %QUAD:10321
  11139       DL 2.7 ; %DL: 6559
  11140       QUAD 0.235 0 QFS1 ; %QUAD:10321
  11141       QUAD 0.235 0 QFS1 ; %QUAD:10321
  11142       DL 2.7 ; %DL: 6559
  11143       QUAD 0.235 0 QDS ; %QUAD:10321
  11144       QUAD 0.235 0 QDS ; %QUAD:10321
  11145       DL 2.7 ; %DL: 6559
  11146       QUAD 0.235 0 QFS1 ; %QUAD:10321
  11147       QUAD 0.235 0 QFS1 ; %QUAD:10321
  11148       DL 2.7 ; %DL: 6559
  11149       QUAD 0.235 0 QDS ; %QUAD:10321
  11150       QUAD 0.235 0 QDS ; %QUAD:10321
  11151       DL 2.7 ; %DL: 6559
  11152       QUAD 0.235 0 QFS1 ; %QUAD:10321
  11153       QUAD 0.235 0 QFS1 ; %QUAD:10321
  11154       DL 2.7 ; %DL: 6559
  11155       QUAD 0.235 0 QDS ; %QUAD:10321
  11156       QUAD 0.235 0 QDS ; %QUAD:10321
  11157       DL 2.7 ; %DL: 6559
  11158       QUAD 0.235 0 QFS1 ; %QUAD:10321
  11159       QUAD 0.235 0 QFS1 ; %QUAD:10321
  11160       DL 2.7 ; %DL: 6559
  11161       QUAD 0.235 0 QDS ; %QUAD:10321
  11162       QUAD 0.235 0 QDS ; %QUAD:10321
  11163       DL 2.7 ; %DL: 6559
  11164       QUAD 0.235 0 QFS1 ; %QUAD:10321
  11165       QUAD 0.235 0 QFS1 ; %QUAD:10321
  11166       DL 2.7 ; %DL: 6559
  11167       QUAD 0.235 0 QDS ; %QUAD:10321
  11168       QUAD 0.235 0 QDS ; %QUAD:10321
  11169       DL 2.7 ; %DL: 6559
  11170       QUAD 0.235 0 QFS1 ; %QUAD:10321
  11171       QUAD 0.235 0 QFS1 ; %QUAD:10321
  11172       DL 2.7 ; %DL: 6559
  11173       QUAD 0.235 0 QDS ; %QUAD:10321
  11174       ENDLOOP;
  11175     ENDPROCEDURE;
 --- BIN FILE WRITTEN: 8shape_resonant
  11176   SAVE '8shape_resonant';
