 --- BIN FILE READ: 8shape_resonant
  11176 INCLUDE '8shape_resonant';
  11177   PROCEDURE MAIN;
  11178     VARIABLE WHERE 100;
  11179     VARIABLE MRKR 10;
  11180     VARIABLE GAMMA 1;
  11181     VARIABLE MAPSE 1;
  11182     VARIABLE MU 800;
  11183     VARIABLE NBAR 800 3;
  11184     VARIABLE EL 1;
  11185     VARIABLE PNUM 1;
  11186     VARIABLE PSI0_DEG 1;
  11187     VARIABLE NTURN 1;
  11188     VARIABLE TUNE 800 3;
  11189     VARIABLE MU_TP 800 3;
  11190     VARIABLE CHROM_X 1;
  11191     VARIABLE CHROM_Y 1;
  11192     VARIABLE SGX1 1;
  11193     VARIABLE SGY1 1;
  11194     VARIABLE EB1 1;
  11195     VARIABLE SGX2 1;
  11196     VARIABLE SGY2 1;
  11197     VARIABLE A 100 2 ;
  11198     VARIABLE B 100 2 ;
  11199     VARIABLE G 100 2 ;
  11200     VARIABLE R 100 2 ;
  11201     VARIABLE F 100 6 ;
  11202     GROUTF 'img/dump/TR' 1;
  11203     GAMMA := 1.143914;
  11204     MRKR := 'CHROM';
  11205     OV 4 2 1; %OV:  969
  11206     SET_FOR_DEUTERONS_CHROM GAMMA; %SET_FOR_DEUTERONS_CHROM:10629
  11207     SGX1 :=  0.0;
  11208     SGY1  := 0.0;
  11209     SGX2 :=  0.0;
  11210     SGY2  := 0.0;
  11211     LATTICE SGX1 SGY1 SGX2 SGY2 EB1 0; %LATTICE:10648
  11212     PM 6; %PM: 1574
  11213     WRITE 6 '++++++++++ Magnetic Rigidity';
  11214     WRITE 6 CONS(CHIM);
  11215     TP MU_TP ; %TP: 3955
  11216     WRITE 6 'DELTA DEPENDENT TUNES' MU_TP(1) MU_TP(2) ;
  11217     CHROM_X:= (MU_TP(1)|(0&0&0&0&1))*(1+1/GAMMA);
  11218     CHROM_Y:= (MU_TP(2)|(0&0&0&0&1))*(1+1/GAMMA);
  11219     WRITE 6 'CHROM_X' CHROM_X 'CHROM_Y' CHROM_Y;
  11220     LOOP EL 1 3;
  11221       OPENF 3618 'dat/CHROM/MU_TP'&MRK(EL)&'.dat' 'REPLACE'; %MRK: 978
                  6
  11222       WRITE 3618 MU_TP(EL);
  11223       CLOSEF 3618;
  11224       ENDLOOP;
  11225     WRITE 6 'SGx1 := '&ST(SGX1)&';';
  11226     WRITE 6 'SGy1 := '&ST(SGY1)&';';
  11227     WRITE 6 'SGx2 := '&ST(SGX2)&';';
  11228     WRITE 6 'SGy2 := '&ST(SGY2)&';';
  11229     ENDPROCEDURE;
  11230   PROCEDURE RUN;
  11231     MAIN; %MAIN:11177
  11232     ENDPROCEDURE;
  11233   RUN; %RUN:11230
